{"C:\\Users\\Administrator\\Desktop\\Sweetrip\\src\\components\\Login.tsx": {"path":"C:\\Users\\Administrator\\Desktop\\Sweetrip\\src\\components\\Login.tsx","statementMap":{"0":{"start":{"line":5,"column":2},"end":{"line":5,"column":43}}},"fnMap":{"0":{"name":"Login","decl":{"start":{"line":4,"column":24},"end":{"line":4,"column":29}},"loc":{"start":{"line":4,"column":32},"end":{"line":6,"column":1}},"line":4}},"branchMap":{},"s":{"0":0},"f":{"0":0},"b":{}}
,"C:\\Users\\Administrator\\Desktop\\Sweetrip\\src\\components\\OfflineIndicator.tsx": {"path":"C:\\Users\\Administrator\\Desktop\\Sweetrip\\src\\components\\OfflineIndicator.tsx","statementMap":{"0":{"start":{"line":11,"column":38},"end":{"line":11,"column":49}},"1":{"start":{"line":13,"column":2},"end":{"line":28,"column":9}},"2":{"start":{"line":14,"column":18},"end":{"line":14,"column":22}},"3":{"start":{"line":16,"column":18},"end":{"line":16,"column":64}},"4":{"start":{"line":17,"column":6},"end":{"line":17,"column":27}},"5":{"start":{"line":17,"column":20},"end":{"line":17,"column":27}},"6":{"start":{"line":18,"column":6},"end":{"line":23,"column":7}},"7":{"start":{"line":19,"column":18},"end":{"line":19,"column":44}},"8":{"start":{"line":20,"column":8},"end":{"line":20,"column":37}},"9":{"start":{"line":22,"column":8},"end":{"line":22,"column":25}},"10":{"start":{"line":25,"column":4},"end":{"line":25,"column":13}},"11":{"start":{"line":26,"column":15},"end":{"line":26,"column":40}},"12":{"start":{"line":27,"column":4},"end":{"line":27,"column":57}},"13":{"start":{"line":27,"column":19},"end":{"line":27,"column":35}},"14":{"start":{"line":27,"column":36},"end":{"line":27,"column":54}},"15":{"start":{"line":30,"column":2},"end":{"line":30,"column":36}},"16":{"start":{"line":30,"column":24},"end":{"line":30,"column":36}},"17":{"start":{"line":32,"column":2},"end":{"line":39,"column":4}},"18":{"start":{"line":42,"column":15},"end":{"line":59,"column":2}}},"fnMap":{"0":{"name":"OfflineIndicator","decl":{"start":{"line":10,"column":24},"end":{"line":10,"column":40}},"loc":{"start":{"line":10,"column":61},"end":{"line":40,"column":1}},"line":10},"1":{"name":"(anonymous_1)","decl":{"start":{"line":13,"column":12},"end":{"line":13,"column":13}},"loc":{"start":{"line":13,"column":18},"end":{"line":28,"column":3}},"line":13},"2":{"name":"update","decl":{"start":{"line":15,"column":19},"end":{"line":15,"column":25}},"loc":{"start":{"line":15,"column":28},"end":{"line":24,"column":5}},"line":15},"3":{"name":"(anonymous_3)","decl":{"start":{"line":27,"column":11},"end":{"line":27,"column":12}},"loc":{"start":{"line":27,"column":17},"end":{"line":27,"column":56}},"line":27}},"branchMap":{"0":{"loc":{"start":{"line":17,"column":6},"end":{"line":17,"column":27}},"type":"if","locations":[{"start":{"line":17,"column":6},"end":{"line":17,"column":27}},{"start":{},"end":{}}],"line":17},"1":{"loc":{"start":{"line":19,"column":18},"end":{"line":19,"column":44}},"type":"cond-expr","locations":[{"start":{"line":19,"column":24},"end":{"line":19,"column":39}},{"start":{"line":19,"column":42},"end":{"line":19,"column":44}}],"line":19},"2":{"loc":{"start":{"line":20,"column":22},"end":{"line":20,"column":35}},"type":"binary-expr","locations":[{"start":{"line":20,"column":22},"end":{"line":20,"column":30}},{"start":{"line":20,"column":34},"end":{"line":20,"column":35}}],"line":20},"3":{"loc":{"start":{"line":30,"column":2},"end":{"line":30,"column":36}},"type":"if","locations":[{"start":{"line":30,"column":2},"end":{"line":30,"column":36}},{"start":{},"end":{}}],"line":30}},"s":{"0":0,"1":0,"2":0,"3":0,"4":0,"5":0,"6":0,"7":0,"8":0,"9":0,"10":0,"11":0,"12":0,"13":0,"14":0,"15":0,"16":0,"17":0,"18":0},"f":{"0":0,"1":0,"2":0,"3":0},"b":{"0":[0,0],"1":[0,0],"2":[0,0],"3":[0,0]}}
,"C:\\Users\\Administrator\\Desktop\\Sweetrip\\src\\components\\OfflineQueueScreen.tsx": {"path":"C:\\Users\\Administrator\\Desktop\\Sweetrip\\src\\components\\OfflineQueueScreen.tsx","statementMap":{"0":{"start":{"line":9,"column":28},"end":{"line":9,"column":58}},"1":{"start":{"line":11,"column":15},"end":{"line":17,"column":8}},"2":{"start":{"line":12,"column":16},"end":{"line":12,"column":62}},"3":{"start":{"line":13,"column":4},"end":{"line":13,"column":39}},"4":{"start":{"line":13,"column":16},"end":{"line":13,"column":29}},"5":{"start":{"line":13,"column":30},"end":{"line":13,"column":37}},"6":{"start":{"line":14,"column":4},"end":{"line":16,"column":29}},"7":{"start":{"line":15,"column":6},"end":{"line":15,"column":32}},"8":{"start":{"line":16,"column":14},"end":{"line":16,"column":27}},"9":{"start":{"line":19,"column":2},"end":{"line":23,"column":13}},"10":{"start":{"line":20,"column":4},"end":{"line":20,"column":11}},"11":{"start":{"line":21,"column":15},"end":{"line":21,"column":38}},"12":{"start":{"line":22,"column":4},"end":{"line":22,"column":35}},"13":{"start":{"line":22,"column":17},"end":{"line":22,"column":34}},"14":{"start":{"line":25,"column":22},"end":{"line":28,"column":12}},"15":{"start":{"line":26,"column":4},"end":{"line":26,"column":33}},"16":{"start":{"line":27,"column":4},"end":{"line":27,"column":17}},"17":{"start":{"line":30,"column":23},"end":{"line":39,"column":8}},"18":{"start":{"line":31,"column":16},"end":{"line":31,"column":62}},"19":{"start":{"line":32,"column":4},"end":{"line":32,"column":21}},"20":{"start":{"line":32,"column":14},"end":{"line":32,"column":21}},"21":{"start":{"line":33,"column":4},"end":{"line":38,"column":49}},"22":{"start":{"line":34,"column":34},"end":{"line":34,"column":49}},"23":{"start":{"line":35,"column":23},"end":{"line":35,"column":49}},"24":{"start":{"line":35,"column":37},"end":{"line":35,"column":48}},"25":{"start":{"line":36,"column":6},"end":{"line":36,"column":79}},"26":{"start":{"line":37,"column":6},"end":{"line":37,"column":25}},"27":{"start":{"line":38,"column":18},"end":{"line":38,"column":47}},"28":{"start":{"line":38,"column":31},"end":{"line":38,"column":47}},"29":{"start":{"line":41,"column":19},"end":{"line":46,"column":12}},"30":{"start":{"line":42,"column":4},"end":{"line":45,"column":7}},"31":{"start":{"line":44,"column":68},"end":{"line":44,"column":95}},"32":{"start":{"line":44,"column":96},"end":{"line":44,"column":103}},"33":{"start":{"line":48,"column":23},"end":{"line":48,"column":67}},"34":{"start":{"line":48,"column":58},"end":{"line":48,"column":62}},"35":{"start":{"line":49,"column":21},"end":{"line":61,"column":3}},"36":{"start":{"line":51,"column":6},"end":{"line":58,"column":8}},"37":{"start":{"line":63,"column":2},"end":{"line":80,"column":4}},"38":{"start":{"line":83,"column":15},"end":{"line":91,"column":2}}},"fnMap":{"0":{"name":"OfflineQueueScreen","decl":{"start":{"line":8,"column":24},"end":{"line":8,"column":42}},"loc":{"start":{"line":8,"column":45},"end":{"line":81,"column":1}},"line":8},"1":{"name":"(anonymous_1)","decl":{"start":{"line":11,"column":27},"end":{"line":11,"column":28}},"loc":{"start":{"line":11,"column":39},"end":{"line":17,"column":3}},"line":11},"2":{"name":"(anonymous_2)","decl":{"start":{"line":19,"column":12},"end":{"line":19,"column":13}},"loc":{"start":{"line":19,"column":18},"end":{"line":23,"column":3}},"line":19},"3":{"name":"(anonymous_3)","decl":{"start":{"line":22,"column":11},"end":{"line":22,"column":12}},"loc":{"start":{"line":22,"column":17},"end":{"line":22,"column":34}},"line":22},"4":{"name":"(anonymous_4)","decl":{"start":{"line":25,"column":34},"end":{"line":25,"column":35}},"loc":{"start":{"line":25,"column":56},"end":{"line":28,"column":3}},"line":25},"5":{"name":"(anonymous_5)","decl":{"start":{"line":30,"column":35},"end":{"line":30,"column":36}},"loc":{"start":{"line":30,"column":57},"end":{"line":39,"column":3}},"line":30},"6":{"name":"(anonymous_6)","decl":{"start":{"line":35,"column":32},"end":{"line":35,"column":33}},"loc":{"start":{"line":35,"column":37},"end":{"line":35,"column":48}},"line":35},"7":{"name":"(anonymous_7)","decl":{"start":{"line":41,"column":31},"end":{"line":41,"column":32}},"loc":{"start":{"line":41,"column":37},"end":{"line":46,"column":3}},"line":41},"8":{"name":"(anonymous_8)","decl":{"start":{"line":44,"column":54},"end":{"line":44,"column":55}},"loc":{"start":{"line":44,"column":66},"end":{"line":44,"column":105}},"line":44},"9":{"name":"(anonymous_9)","decl":{"start":{"line":48,"column":35},"end":{"line":48,"column":36}},"loc":{"start":{"line":48,"column":58},"end":{"line":48,"column":62}},"line":48},"10":{"name":"(anonymous_10)","decl":{"start":{"line":50,"column":4},"end":{"line":50,"column":5}},"loc":{"start":{"line":51,"column":6},"end":{"line":58,"column":8}},"line":51}},"branchMap":{"0":{"loc":{"start":{"line":13,"column":4},"end":{"line":13,"column":39}},"type":"if","locations":[{"start":{"line":13,"column":4},"end":{"line":13,"column":39}},{"start":{},"end":{}}],"line":13},"1":{"loc":{"start":{"line":32,"column":4},"end":{"line":32,"column":21}},"type":"if","locations":[{"start":{"line":32,"column":4},"end":{"line":32,"column":21}},{"start":{},"end":{}}],"line":32},"2":{"loc":{"start":{"line":38,"column":18},"end":{"line":38,"column":47}},"type":"if","locations":[{"start":{"line":38,"column":18},"end":{"line":38,"column":47}},{"start":{},"end":{}}],"line":38},"3":{"loc":{"start":{"line":69,"column":7},"end":{"line":78,"column":7}},"type":"cond-expr","locations":[{"start":{"line":70,"column":8},"end":{"line":70,"column":99}},{"start":{"line":72,"column":8},"end":{"line":77,"column":10}}],"line":69}},"s":{"0":0,"1":0,"2":0,"3":0,"4":0,"5":0,"6":0,"7":0,"8":0,"9":0,"10":0,"11":0,"12":0,"13":0,"14":0,"15":0,"16":0,"17":0,"18":0,"19":0,"20":0,"21":0,"22":0,"23":0,"24":0,"25":0,"26":0,"27":0,"28":0,"29":0,"30":0,"31":0,"32":0,"33":0,"34":0,"35":0,"36":0,"37":0,"38":0},"f":{"0":0,"1":0,"2":0,"3":0,"4":0,"5":0,"6":0,"7":0,"8":0,"9":0,"10":0},"b":{"0":[0,0],"1":[0,0],"2":[0,0],"3":[0,0]}}
,"C:\\Users\\Administrator\\Desktop\\Sweetrip\\src\\components\\PendingItemCard.tsx": {"path":"C:\\Users\\Administrator\\Desktop\\Sweetrip\\src\\components\\PendingItemCard.tsx","statementMap":{"0":{"start":{"line":14,"column":23},"end":{"line":14,"column":70}},"1":{"start":{"line":14,"column":41},"end":{"line":14,"column":54}},"2":{"start":{"line":15,"column":24},"end":{"line":15,"column":73}},"3":{"start":{"line":15,"column":42},"end":{"line":15,"column":56}},"4":{"start":{"line":16,"column":2},"end":{"line":32,"column":4}},"5":{"start":{"line":37,"column":15},"end":{"line":59,"column":2}}},"fnMap":{"0":{"name":"PendingItemCardComponent","decl":{"start":{"line":13,"column":9},"end":{"line":13,"column":33}},"loc":{"start":{"line":13,"column":87},"end":{"line":33,"column":1}},"line":13},"1":{"name":"(anonymous_1)","decl":{"start":{"line":14,"column":35},"end":{"line":14,"column":36}},"loc":{"start":{"line":14,"column":41},"end":{"line":14,"column":54}},"line":14},"2":{"name":"(anonymous_2)","decl":{"start":{"line":15,"column":36},"end":{"line":15,"column":37}},"loc":{"start":{"line":15,"column":42},"end":{"line":15,"column":56}},"line":15}},"branchMap":{"0":{"loc":{"start":{"line":21,"column":9},"end":{"line":21,"column":96}},"type":"cond-expr","locations":[{"start":{"line":21,"column":16},"end":{"line":21,"column":89}},{"start":{"line":21,"column":92},"end":{"line":21,"column":96}}],"line":21}},"s":{"0":0,"1":0,"2":0,"3":0,"4":0,"5":0},"f":{"0":0,"1":0,"2":0},"b":{"0":[0,0]}}
,"C:\\Users\\Administrator\\Desktop\\Sweetrip\\src\\components\\types.ts": {"path":"C:\\Users\\Administrator\\Desktop\\Sweetrip\\src\\components\\types.ts","statementMap":{},"fnMap":{},"branchMap":{},"s":{},"f":{},"b":{}}
,"C:\\Users\\Administrator\\Desktop\\Sweetrip\\src\\components\\RecentTrips\\logic.tsx": {"path":"C:\\Users\\Administrator\\Desktop\\Sweetrip\\src\\components\\RecentTrips\\logic.tsx","statementMap":{"0":{"start":{"line":10,"column":2},"end":{"line":20,"column":3}},"1":{"start":{"line":12,"column":6},"end":{"line":12,"column":65}},"2":{"start":{"line":14,"column":6},"end":{"line":14,"column":63}},"3":{"start":{"line":17,"column":6},"end":{"line":17,"column":66}},"4":{"start":{"line":19,"column":6},"end":{"line":19,"column":66}},"5":{"start":{"line":25,"column":2},"end":{"line":25,"column":57}}},"fnMap":{"0":{"name":"getStatusBadgeStyle","decl":{"start":{"line":9,"column":16},"end":{"line":9,"column":35}},"loc":{"start":{"line":9,"column":72},"end":{"line":21,"column":1}},"line":9},"1":{"name":"getStatusLabel","decl":{"start":{"line":24,"column":16},"end":{"line":24,"column":30}},"loc":{"start":{"line":24,"column":71},"end":{"line":26,"column":1}},"line":24}},"branchMap":{"0":{"loc":{"start":{"line":10,"column":2},"end":{"line":20,"column":3}},"type":"switch","locations":[{"start":{"line":11,"column":4},"end":{"line":12,"column":65}},{"start":{"line":13,"column":4},"end":{"line":14,"column":63}},{"start":{"line":15,"column":4},"end":{"line":15,"column":22}},{"start":{"line":16,"column":4},"end":{"line":17,"column":66}},{"start":{"line":18,"column":4},"end":{"line":19,"column":66}}],"line":10},"1":{"loc":{"start":{"line":25,"column":9},"end":{"line":25,"column":56}},"type":"binary-expr","locations":[{"start":{"line":25,"column":9},"end":{"line":25,"column":14}},{"start":{"line":25,"column":18},"end":{"line":25,"column":56}}],"line":25}},"s":{"0":0,"1":0,"2":0,"3":0,"4":0,"5":0},"f":{"0":0,"1":0},"b":{"0":[0,0,0,0,0],"1":[0,0]}}
,"C:\\Users\\Administrator\\Desktop\\Sweetrip\\src\\components\\RecentTrips\\styles.ts": {"path":"C:\\Users\\Administrator\\Desktop\\Sweetrip\\src\\components\\RecentTrips\\styles.ts","statementMap":{"0":{"start":{"line":3,"column":22},"end":{"line":48,"column":2}}},"fnMap":{},"branchMap":{},"s":{"0":0},"f":{},"b":{}}
,"C:\\Users\\Administrator\\Desktop\\Sweetrip\\src\\components\\RecentVehicles\\logic.tsx": {"path":"C:\\Users\\Administrator\\Desktop\\Sweetrip\\src\\components\\RecentVehicles\\logic.tsx","statementMap":{"0":{"start":{"line":10,"column":2},"end":{"line":22,"column":3}},"1":{"start":{"line":11,"column":4},"end":{"line":15,"column":6}},"2":{"start":{"line":17,"column":4},"end":{"line":21,"column":6}}},"fnMap":{"0":{"name":"getVehicleStatusBadge","decl":{"start":{"line":9,"column":16},"end":{"line":9,"column":37}},"loc":{"start":{"line":9,"column":69},"end":{"line":23,"column":1}},"line":9}},"branchMap":{"0":{"loc":{"start":{"line":10,"column":2},"end":{"line":22,"column":3}},"type":"if","locations":[{"start":{"line":10,"column":2},"end":{"line":22,"column":3}},{"start":{"line":16,"column":9},"end":{"line":22,"column":3}}],"line":10}},"s":{"0":0,"1":0,"2":0},"f":{"0":0},"b":{"0":[0,0]}}
,"C:\\Users\\Administrator\\Desktop\\Sweetrip\\src\\components\\RecentVehicles\\styles.ts": {"path":"C:\\Users\\Administrator\\Desktop\\Sweetrip\\src\\components\\RecentVehicles\\styles.ts","statementMap":{"0":{"start":{"line":3,"column":22},"end":{"line":42,"column":2}}},"fnMap":{},"branchMap":{},"s":{"0":0},"f":{},"b":{}}
,"C:\\Users\\Administrator\\Desktop\\Sweetrip\\src\\components\\StatCard\\logic.tsx": {"path":"C:\\Users\\Administrator\\Desktop\\Sweetrip\\src\\components\\StatCard\\logic.tsx","statementMap":{"0":{"start":{"line":1,"column":29},"end":{"line":4,"column":3}},"1":{"start":{"line":2,"column":4},"end":{"line":2,"column":45}},"2":{"start":{"line":2,"column":31},"end":{"line":2,"column":45}},"3":{"start":{"line":3,"column":4},"end":{"line":3,"column":43}}},"fnMap":{"0":{"name":"(anonymous_0)","decl":{"start":{"line":1,"column":29},"end":{"line":1,"column":30}},"loc":{"start":{"line":1,"column":52},"end":{"line":4,"column":3}},"line":1}},"branchMap":{"0":{"loc":{"start":{"line":2,"column":4},"end":{"line":2,"column":45}},"type":"if","locations":[{"start":{"line":2,"column":4},"end":{"line":2,"column":45}},{"start":{},"end":{}}],"line":2},"1":{"loc":{"start":{"line":3,"column":11},"end":{"line":3,"column":42}},"type":"cond-expr","locations":[{"start":{"line":3,"column":21},"end":{"line":3,"column":30}},{"start":{"line":3,"column":33},"end":{"line":3,"column":42}}],"line":3}},"s":{"0":0,"1":0,"2":0,"3":0},"f":{"0":0},"b":{"0":[0,0],"1":[0,0]}}
,"C:\\Users\\Administrator\\Desktop\\Sweetrip\\src\\components\\StatCard\\styles.ts": {"path":"C:\\Users\\Administrator\\Desktop\\Sweetrip\\src\\components\\StatCard\\styles.ts","statementMap":{"0":{"start":{"line":4,"column":22},"end":{"line":34,"column":2}}},"fnMap":{},"branchMap":{},"s":{"0":0},"f":{},"b":{}}
,"C:\\Users\\Administrator\\Desktop\\Sweetrip\\src\\components\\TruckIcon\\logic.tsx": {"path":"C:\\Users\\Administrator\\Desktop\\Sweetrip\\src\\components\\TruckIcon\\logic.tsx","statementMap":{"0":{"start":{"line":1,"column":40},"end":{"line":4,"column":4}},"1":{"start":{"line":1,"column":47},"end":{"line":4,"column":3}}},"fnMap":{"0":{"name":"(anonymous_0)","decl":{"start":{"line":1,"column":40},"end":{"line":1,"column":41}},"loc":{"start":{"line":1,"column":47},"end":{"line":4,"column":3}},"line":1}},"branchMap":{},"s":{"0":0,"1":0},"f":{"0":0},"b":{}}
,"C:\\Users\\Administrator\\Desktop\\Sweetrip\\src\\config\\api.ts": {"path":"C:\\Users\\Administrator\\Desktop\\Sweetrip\\src\\config\\api.ts","statementMap":{"0":{"start":{"line":16,"column":21},"end":{"line":20,"column":2}},"1":{"start":{"line":27,"column":26},"end":{"line":31,"column":1}}},"fnMap":{},"branchMap":{"0":{"loc":{"start":{"line":28,"column":12},"end":{"line":30,"column":35}},"type":"cond-expr","locations":[{"start":{"line":29,"column":6},"end":{"line":29,"column":49}},{"start":{"line":30,"column":6},"end":{"line":30,"column":35}}],"line":28},"1":{"loc":{"start":{"line":29,"column":6},"end":{"line":29,"column":49}},"type":"binary-expr","locations":[{"start":{"line":29,"column":6},"end":{"line":29,"column":18}},{"start":{"line":29,"column":22},"end":{"line":29,"column":49}}],"line":29}},"s":{"0":4,"1":4},"f":{},"b":{"0":[4,0],"1":[4,0]},"_coverageSchema":"1a1c01bbd47fc00a2c39e90264f33305004495a9","hash":"7d500dda79fabf2ce25a5205461a2bc493d75fbe"}
,"C:\\Users\\Administrator\\Desktop\\Sweetrip\\src\\config\\platform.ts": {"path":"C:\\Users\\Administrator\\Desktop\\Sweetrip\\src\\config\\platform.ts","statementMap":{"0":{"start":{"line":8,"column":21},"end":{"line":8,"column":42}},"1":{"start":{"line":9,"column":25},"end":{"line":9,"column":50}},"2":{"start":{"line":10,"column":21},"end":{"line":10,"column":42}},"3":{"start":{"line":13,"column":24},"end":{"line":13,"column":64}},"4":{"start":{"line":25,"column":2},"end":{"line":25,"column":51}},"5":{"start":{"line":29,"column":35},"end":{"line":34,"column":2}},"6":{"start":{"line":37,"column":39},"end":{"line":42,"column":2}},"7":{"start":{"line":45,"column":30},"end":{"line":49,"column":2}},"8":{"start":{"line":52,"column":24},"end":{"line":52,"column":29}},"9":{"start":{"line":56,"column":34},"end":{"line":56,"column":58}},"10":{"start":{"line":57,"column":16},"end":{"line":57,"column":34}},"11":{"start":{"line":58,"column":18},"end":{"line":58,"column":30}},"12":{"start":{"line":59,"column":2},"end":{"line":59,"column":61}}},"fnMap":{"0":{"name":"platformSelect","decl":{"start":{"line":19,"column":16},"end":{"line":19,"column":30}},"loc":{"start":{"line":24,"column":6},"end":{"line":26,"column":1}},"line":24},"1":{"name":"normalize","decl":{"start":{"line":55,"column":16},"end":{"line":55,"column":25}},"loc":{"start":{"line":55,"column":48},"end":{"line":60,"column":1}},"line":55}},"branchMap":{"0":{"loc":{"start":{"line":25,"column":9},"end":{"line":25,"column":50}},"type":"binary-expr","locations":[{"start":{"line":25,"column":9},"end":{"line":25,"column":32}},{"start":{"line":25,"column":36},"end":{"line":25,"column":50}}],"line":25}},"s":{"0":0,"1":0,"2":0,"3":0,"4":0,"5":0,"6":0,"7":0,"8":0,"9":0,"10":0,"11":0,"12":0},"f":{"0":0,"1":0},"b":{"0":[0,0]}}
,"C:\\Users\\Administrator\\Desktop\\Sweetrip\\src\\constants\\theme.ts": {"path":"C:\\Users\\Administrator\\Desktop\\Sweetrip\\src\\constants\\theme.ts","statementMap":{"0":{"start":{"line":8,"column":23},"end":{"line":8,"column":32}},"1":{"start":{"line":9,"column":22},"end":{"line":9,"column":28}},"2":{"start":{"line":11,"column":22},"end":{"line":28,"column":1}},"3":{"start":{"line":30,"column":21},"end":{"line":53,"column":2}}},"fnMap":{},"branchMap":{},"s":{"0":0,"1":0,"2":0,"3":0},"f":{},"b":{}}
,"C:\\Users\\Administrator\\Desktop\\Sweetrip\\src\\context\\Auth\\logic.tsx": {"path":"C:\\Users\\Administrator\\Desktop\\Sweetrip\\src\\context\\Auth\\logic.tsx","statementMap":{"0":{"start":{"line":7,"column":28},"end":{"line":94,"column":1}},"1":{"start":{"line":8,"column":30},"end":{"line":14,"column":6}},"2":{"start":{"line":17,"column":4},"end":{"line":38,"column":11}},"3":{"start":{"line":18,"column":8},"end":{"line":37,"column":13}},"4":{"start":{"line":19,"column":12},"end":{"line":36,"column":13}},"5":{"start":{"line":20,"column":30},"end":{"line":20,"column":61}},"6":{"start":{"line":21,"column":29},"end":{"line":21,"column":59}},"7":{"start":{"line":23,"column":16},"end":{"line":33,"column":17}},"8":{"start":{"line":24,"column":20},"end":{"line":30,"column":23}},"9":{"start":{"line":32,"column":20},"end":{"line":32,"column":70}},"10":{"start":{"line":32,"column":38},"end":{"line":32,"column":67}},"11":{"start":{"line":35,"column":16},"end":{"line":35,"column":66}},"12":{"start":{"line":35,"column":34},"end":{"line":35,"column":63}},"13":{"start":{"line":40,"column":18},"end":{"line":52,"column":10}},"14":{"start":{"line":41,"column":8},"end":{"line":41,"column":70}},"15":{"start":{"line":41,"column":26},"end":{"line":41,"column":67}},"16":{"start":{"line":42,"column":8},"end":{"line":51,"column":9}},"17":{"start":{"line":43,"column":36},"end":{"line":43,"column":79}},"18":{"start":{"line":44,"column":12},"end":{"line":44,"column":50}},"19":{"start":{"line":45,"column":12},"end":{"line":45,"column":48}},"20":{"start":{"line":46,"column":12},"end":{"line":46,"column":92}},"21":{"start":{"line":48,"column":28},"end":{"line":48,"column":83}},"22":{"start":{"line":49,"column":12},"end":{"line":49,"column":108}},"23":{"start":{"line":50,"column":12},"end":{"line":50,"column":24}},"24":{"start":{"line":54,"column":21},"end":{"line":56,"column":15}},"25":{"start":{"line":55,"column":8},"end":{"line":55,"column":37}},"26":{"start":{"line":58,"column":19},"end":{"line":68,"column":10}},"27":{"start":{"line":59,"column":8},"end":{"line":67,"column":9}},"28":{"start":{"line":60,"column":12},"end":{"line":60,"column":42}},"29":{"start":{"line":62,"column":12},"end":{"line":62,"column":50}},"30":{"start":{"line":64,"column":12},"end":{"line":64,"column":41}},"31":{"start":{"line":65,"column":12},"end":{"line":65,"column":32}},"32":{"start":{"line":66,"column":12},"end":{"line":66,"column":105}},"33":{"start":{"line":70,"column":23},"end":{"line":70,"column":90}},"34":{"start":{"line":70,"column":41},"end":{"line":70,"column":85}},"35":{"start":{"line":70,"column":59},"end":{"line":70,"column":83}},"36":{"start":{"line":72,"column":24},"end":{"line":82,"column":10}},"37":{"start":{"line":73,"column":22},"end":{"line":73,"column":53}},"38":{"start":{"line":74,"column":8},"end":{"line":74,"column":27}},"39":{"start":{"line":74,"column":20},"end":{"line":74,"column":27}},"40":{"start":{"line":75,"column":8},"end":{"line":81,"column":9}},"41":{"start":{"line":76,"column":25},"end":{"line":76,"column":57}},"42":{"start":{"line":77,"column":12},"end":{"line":77,"column":48}},"43":{"start":{"line":78,"column":12},"end":{"line":78,"column":50}},"44":{"start":{"line":78,"column":30},"end":{"line":78,"column":47}},"45":{"start":{"line":80,"column":12},"end":{"line":80,"column":56}},"46":{"start":{"line":84,"column":23},"end":{"line":91,"column":10}},"47":{"start":{"line":85,"column":8},"end":{"line":90,"column":11}},"48":{"start":{"line":86,"column":12},"end":{"line":86,"column":40}},"49":{"start":{"line":86,"column":28},"end":{"line":86,"column":40}},"50":{"start":{"line":87,"column":32},"end":{"line":87,"column":61}},"51":{"start":{"line":88,"column":12},"end":{"line":88,"column":70}},"52":{"start":{"line":89,"column":12},"end":{"line":89,"column":50}},"53":{"start":{"line":93,"column":4},"end":{"line":93,"column":83}}},"fnMap":{"0":{"name":"(anonymous_0)","decl":{"start":{"line":7,"column":28},"end":{"line":7,"column":29}},"loc":{"start":{"line":7,"column":34},"end":{"line":94,"column":1}},"line":7},"1":{"name":"(anonymous_1)","decl":{"start":{"line":17,"column":14},"end":{"line":17,"column":15}},"loc":{"start":{"line":17,"column":20},"end":{"line":38,"column":5}},"line":17},"2":{"name":"(anonymous_2)","decl":{"start":{"line":18,"column":9},"end":{"line":18,"column":10}},"loc":{"start":{"line":18,"column":21},"end":{"line":37,"column":9}},"line":18},"3":{"name":"(anonymous_3)","decl":{"start":{"line":32,"column":29},"end":{"line":32,"column":30}},"loc":{"start":{"line":32,"column":38},"end":{"line":32,"column":67}},"line":32},"4":{"name":"(anonymous_4)","decl":{"start":{"line":35,"column":25},"end":{"line":35,"column":26}},"loc":{"start":{"line":35,"column":34},"end":{"line":35,"column":63}},"line":35},"5":{"name":"(anonymous_5)","decl":{"start":{"line":40,"column":30},"end":{"line":40,"column":31}},"loc":{"start":{"line":40,"column":73},"end":{"line":52,"column":5}},"line":40},"6":{"name":"(anonymous_6)","decl":{"start":{"line":41,"column":17},"end":{"line":41,"column":18}},"loc":{"start":{"line":41,"column":26},"end":{"line":41,"column":67}},"line":41},"7":{"name":"(anonymous_7)","decl":{"start":{"line":54,"column":33},"end":{"line":54,"column":34}},"loc":{"start":{"line":54,"column":91},"end":{"line":56,"column":5}},"line":54},"8":{"name":"(anonymous_8)","decl":{"start":{"line":58,"column":31},"end":{"line":58,"column":32}},"loc":{"start":{"line":58,"column":43},"end":{"line":68,"column":5}},"line":58},"9":{"name":"(anonymous_9)","decl":{"start":{"line":70,"column":35},"end":{"line":70,"column":36}},"loc":{"start":{"line":70,"column":41},"end":{"line":70,"column":85}},"line":70},"10":{"name":"(anonymous_10)","decl":{"start":{"line":70,"column":50},"end":{"line":70,"column":51}},"loc":{"start":{"line":70,"column":59},"end":{"line":70,"column":83}},"line":70},"11":{"name":"(anonymous_11)","decl":{"start":{"line":72,"column":36},"end":{"line":72,"column":37}},"loc":{"start":{"line":72,"column":48},"end":{"line":82,"column":5}},"line":72},"12":{"name":"(anonymous_12)","decl":{"start":{"line":78,"column":21},"end":{"line":78,"column":22}},"loc":{"start":{"line":78,"column":30},"end":{"line":78,"column":47}},"line":78},"13":{"name":"(anonymous_13)","decl":{"start":{"line":84,"column":35},"end":{"line":84,"column":36}},"loc":{"start":{"line":84,"column":70},"end":{"line":91,"column":5}},"line":84},"14":{"name":"(anonymous_14)","decl":{"start":{"line":85,"column":17},"end":{"line":85,"column":18}},"loc":{"start":{"line":85,"column":25},"end":{"line":90,"column":9}},"line":85}},"branchMap":{"0":{"loc":{"start":{"line":23,"column":16},"end":{"line":33,"column":17}},"type":"if","locations":[{"start":{"line":23,"column":16},"end":{"line":33,"column":17}},{"start":{"line":31,"column":23},"end":{"line":33,"column":17}}],"line":23},"1":{"loc":{"start":{"line":23,"column":20},"end":{"line":23,"column":33}},"type":"binary-expr","locations":[{"start":{"line":23,"column":20},"end":{"line":23,"column":25}},{"start":{"line":23,"column":29},"end":{"line":23,"column":33}}],"line":23},"2":{"loc":{"start":{"line":48,"column":28},"end":{"line":48,"column":83}},"type":"cond-expr","locations":[{"start":{"line":48,"column":53},"end":{"line":48,"column":66}},{"start":{"line":48,"column":69},"end":{"line":48,"column":83}}],"line":48},"3":{"loc":{"start":{"line":74,"column":8},"end":{"line":74,"column":27}},"type":"if","locations":[{"start":{"line":74,"column":8},"end":{"line":74,"column":27}},{"start":{},"end":{}}],"line":74},"4":{"loc":{"start":{"line":86,"column":12},"end":{"line":86,"column":40}},"type":"if","locations":[{"start":{"line":86,"column":12},"end":{"line":86,"column":40}},{"start":{},"end":{}}],"line":86}},"s":{"0":0,"1":0,"2":0,"3":0,"4":0,"5":0,"6":0,"7":0,"8":0,"9":0,"10":0,"11":0,"12":0,"13":0,"14":0,"15":0,"16":0,"17":0,"18":0,"19":0,"20":0,"21":0,"22":0,"23":0,"24":0,"25":0,"26":0,"27":0,"28":0,"29":0,"30":0,"31":0,"32":0,"33":0,"34":0,"35":0,"36":0,"37":0,"38":0,"39":0,"40":0,"41":0,"42":0,"43":0,"44":0,"45":0,"46":0,"47":0,"48":0,"49":0,"50":0,"51":0,"52":0,"53":0},"f":{"0":0,"1":0,"2":0,"3":0,"4":0,"5":0,"6":0,"7":0,"8":0,"9":0,"10":0,"11":0,"12":0,"13":0,"14":0},"b":{"0":[0,0],"1":[0,0],"2":[0,0],"3":[0,0],"4":[0,0]}}
,"C:\\Users\\Administrator\\Desktop\\Sweetrip\\src\\context\\Auth\\repository.ts": {"path":"C:\\Users\\Administrator\\Desktop\\Sweetrip\\src\\context\\Auth\\repository.ts","statementMap":{"0":{"start":{"line":6,"column":21},"end":{"line":9,"column":1}},"1":{"start":{"line":11,"column":30},"end":{"line":58,"column":1}},"2":{"start":{"line":13,"column":8},"end":{"line":13,"column":62}},"3":{"start":{"line":17,"column":8},"end":{"line":17,"column":56}},"4":{"start":{"line":21,"column":8},"end":{"line":21,"column":76}},"5":{"start":{"line":25,"column":24},"end":{"line":25,"column":69}},"6":{"start":{"line":26,"column":8},"end":{"line":26,"column":52}},"7":{"start":{"line":30,"column":8},"end":{"line":30,"column":58}},"8":{"start":{"line":31,"column":8},"end":{"line":31,"column":57}},"9":{"start":{"line":35,"column":25},"end":{"line":35,"column":65}},"10":{"start":{"line":36,"column":27},"end":{"line":41,"column":9}},"11":{"start":{"line":42,"column":8},"end":{"line":42,"column":47}},"12":{"start":{"line":46,"column":8},"end":{"line":46,"column":31}},"13":{"start":{"line":50,"column":21},"end":{"line":50,"column":44}},"14":{"start":{"line":51,"column":8},"end":{"line":56,"column":10}}},"fnMap":{"0":{"name":"(anonymous_0)","decl":{"start":{"line":12,"column":4},"end":{"line":12,"column":5}},"loc":{"start":{"line":12,"column":35},"end":{"line":14,"column":5}},"line":12},"1":{"name":"(anonymous_1)","decl":{"start":{"line":16,"column":4},"end":{"line":16,"column":5}},"loc":{"start":{"line":16,"column":45},"end":{"line":18,"column":5}},"line":16},"2":{"name":"(anonymous_2)","decl":{"start":{"line":20,"column":4},"end":{"line":20,"column":5}},"loc":{"start":{"line":20,"column":31},"end":{"line":22,"column":5}},"line":20},"3":{"name":"(anonymous_3)","decl":{"start":{"line":24,"column":4},"end":{"line":24,"column":5}},"loc":{"start":{"line":24,"column":42},"end":{"line":27,"column":5}},"line":24},"4":{"name":"(anonymous_4)","decl":{"start":{"line":29,"column":4},"end":{"line":29,"column":5}},"loc":{"start":{"line":29,"column":33},"end":{"line":32,"column":5}},"line":29},"5":{"name":"(anonymous_5)","decl":{"start":{"line":34,"column":4},"end":{"line":34,"column":5}},"loc":{"start":{"line":34,"column":89},"end":{"line":43,"column":5}},"line":34},"6":{"name":"(anonymous_6)","decl":{"start":{"line":45,"column":4},"end":{"line":45,"column":5}},"loc":{"start":{"line":45,"column":34},"end":{"line":47,"column":5}},"line":45},"7":{"name":"(anonymous_7)","decl":{"start":{"line":49,"column":4},"end":{"line":49,"column":5}},"loc":{"start":{"line":49,"column":37},"end":{"line":57,"column":5}},"line":49}},"branchMap":{"0":{"loc":{"start":{"line":26,"column":15},"end":{"line":26,"column":51}},"type":"cond-expr","locations":[{"start":{"line":26,"column":25},"end":{"line":26,"column":44}},{"start":{"line":26,"column":47},"end":{"line":26,"column":51}}],"line":26}},"s":{"0":0,"1":0,"2":0,"3":0,"4":0,"5":0,"6":0,"7":0,"8":0,"9":0,"10":0,"11":0,"12":0,"13":0,"14":0},"f":{"0":0,"1":0,"2":0,"3":0,"4":0,"5":0,"6":0,"7":0},"b":{"0":[0,0]}}
,"C:\\Users\\Administrator\\Desktop\\Sweetrip\\src\\context\\Auth\\types.ts": {"path":"C:\\Users\\Administrator\\Desktop\\Sweetrip\\src\\context\\Auth\\types.ts","statementMap":{},"fnMap":{},"branchMap":{},"s":{},"f":{},"b":{}}
,"C:\\Users\\Administrator\\Desktop\\Sweetrip\\src\\hooks\\useAuth.tsx": {"path":"C:\\Users\\Administrator\\Desktop\\Sweetrip\\src\\hooks\\useAuth.tsx","statementMap":{"0":{"start":{"line":4,"column":23},"end":{"line":8,"column":1}},"1":{"start":{"line":5,"column":14},"end":{"line":5,"column":37}},"2":{"start":{"line":6,"column":2},"end":{"line":6,"column":75}},"3":{"start":{"line":6,"column":12},"end":{"line":6,"column":75}},"4":{"start":{"line":7,"column":2},"end":{"line":7,"column":13}}},"fnMap":{"0":{"name":"(anonymous_0)","decl":{"start":{"line":4,"column":23},"end":{"line":4,"column":24}},"loc":{"start":{"line":4,"column":29},"end":{"line":8,"column":1}},"line":4}},"branchMap":{"0":{"loc":{"start":{"line":6,"column":2},"end":{"line":6,"column":75}},"type":"if","locations":[{"start":{"line":6,"column":2},"end":{"line":6,"column":75}},{"start":{},"end":{}}],"line":6}},"s":{"0":0,"1":0,"2":0,"3":0,"4":0},"f":{"0":0},"b":{"0":[0,0]}}
,"C:\\Users\\Administrator\\Desktop\\Sweetrip\\src\\hooks\\useLiveDrivers.tsx": {"path":"C:\\Users\\Administrator\\Desktop\\Sweetrip\\src\\hooks\\useLiveDrivers.tsx","statementMap":{"0":{"start":{"line":15,"column":32},"end":{"line":15,"column":58}},"1":{"start":{"line":16,"column":48},"end":{"line":16,"column":63}},"2":{"start":{"line":17,"column":26},"end":{"line":17,"column":76}},"3":{"start":{"line":18,"column":24},"end":{"line":18,"column":75}},"4":{"start":{"line":20,"column":2},"end":{"line":91,"column":34}},"5":{"start":{"line":22,"column":6},"end":{"line":24,"column":48}},"6":{"start":{"line":27,"column":25},"end":{"line":27,"column":75}},"7":{"start":{"line":28,"column":6},"end":{"line":28,"column":47}},"8":{"start":{"line":29,"column":6},"end":{"line":29,"column":34}},"9":{"start":{"line":33,"column":6},"end":{"line":39,"column":80}},"10":{"start":{"line":36,"column":10},"end":{"line":36,"column":68}},"11":{"start":{"line":36,"column":23},"end":{"line":36,"column":68}},"12":{"start":{"line":37,"column":10},"end":{"line":37,"column":31}},"13":{"start":{"line":39,"column":24},"end":{"line":39,"column":78}},"14":{"start":{"line":43,"column":22},"end":{"line":43,"column":55}},"15":{"start":{"line":44,"column":6},"end":{"line":44,"column":27}},"16":{"start":{"line":44,"column":20},"end":{"line":44,"column":27}},"17":{"start":{"line":46,"column":6},"end":{"line":56,"column":7}},"18":{"start":{"line":47,"column":32},"end":{"line":49,"column":10}},"19":{"start":{"line":50,"column":8},"end":{"line":53,"column":11}},"20":{"start":{"line":55,"column":8},"end":{"line":55,"column":61}},"21":{"start":{"line":58,"column":18},"end":{"line":73,"column":7}},"22":{"start":{"line":65,"column":10},"end":{"line":65,"column":76}},"23":{"start":{"line":65,"column":23},"end":{"line":65,"column":76}},"24":{"start":{"line":66,"column":10},"end":{"line":71,"column":82}},"25":{"start":{"line":71,"column":28},"end":{"line":71,"column":80}},"26":{"start":{"line":74,"column":6},"end":{"line":74,"column":36}},"27":{"start":{"line":77,"column":4},"end":{"line":77,"column":19}},"28":{"start":{"line":78,"column":4},"end":{"line":78,"column":71}},"29":{"start":{"line":79,"column":4},"end":{"line":79,"column":28}},"30":{"start":{"line":81,"column":4},"end":{"line":90,"column":6}},"31":{"start":{"line":82,"column":6},"end":{"line":85,"column":7}},"32":{"start":{"line":83,"column":8},"end":{"line":83,"column":45}},"33":{"start":{"line":84,"column":8},"end":{"line":84,"column":37}},"34":{"start":{"line":86,"column":6},"end":{"line":89,"column":7}},"35":{"start":{"line":87,"column":8},"end":{"line":87,"column":41}},"36":{"start":{"line":88,"column":8},"end":{"line":88,"column":39}},"37":{"start":{"line":93,"column":2},"end":{"line":93,"column":38}}},"fnMap":{"0":{"name":"useLiveDrivers","decl":{"start":{"line":14,"column":16},"end":{"line":14,"column":30}},"loc":{"start":{"line":14,"column":73},"end":{"line":94,"column":1}},"line":14},"1":{"name":"(anonymous_1)","decl":{"start":{"line":20,"column":12},"end":{"line":20,"column":13}},"loc":{"start":{"line":20,"column":18},"end":{"line":91,"column":3}},"line":20},"2":{"name":"requestLocationPermission","decl":{"start":{"line":26,"column":19},"end":{"line":26,"column":44}},"loc":{"start":{"line":26,"column":47},"end":{"line":30,"column":5}},"line":26},"3":{"name":"fetchDrivers","decl":{"start":{"line":32,"column":13},"end":{"line":32,"column":25}},"loc":{"start":{"line":32,"column":28},"end":{"line":40,"column":5}},"line":32},"4":{"name":"(anonymous_4)","decl":{"start":{"line":35,"column":14},"end":{"line":35,"column":15}},"loc":{"start":{"line":35,"column":23},"end":{"line":38,"column":9}},"line":35},"5":{"name":"(anonymous_5)","decl":{"start":{"line":39,"column":15},"end":{"line":39,"column":16}},"loc":{"start":{"line":39,"column":24},"end":{"line":39,"column":78}},"line":39},"6":{"name":"startLocationTracking","decl":{"start":{"line":42,"column":19},"end":{"line":42,"column":40}},"loc":{"start":{"line":42,"column":43},"end":{"line":75,"column":5}},"line":42},"7":{"name":"(anonymous_7)","decl":{"start":{"line":64,"column":8},"end":{"line":64,"column":9}},"loc":{"start":{"line":64,"column":22},"end":{"line":72,"column":9}},"line":64},"8":{"name":"(anonymous_8)","decl":{"start":{"line":71,"column":19},"end":{"line":71,"column":20}},"loc":{"start":{"line":71,"column":28},"end":{"line":71,"column":80}},"line":71},"9":{"name":"(anonymous_9)","decl":{"start":{"line":81,"column":11},"end":{"line":81,"column":12}},"loc":{"start":{"line":81,"column":17},"end":{"line":90,"column":5}},"line":81}},"branchMap":{"0":{"loc":{"start":{"line":14,"column":49},"end":{"line":14,"column":71}},"type":"default-arg","locations":[{"start":{"line":14,"column":67},"end":{"line":14,"column":71}}],"line":14},"1":{"loc":{"start":{"line":22,"column":6},"end":{"line":24,"column":48}},"type":"cond-expr","locations":[{"start":{"line":23,"column":10},"end":{"line":23,"column":43}},{"start":{"line":24,"column":10},"end":{"line":24,"column":48}}],"line":22},"2":{"loc":{"start":{"line":36,"column":10},"end":{"line":36,"column":68}},"type":"if","locations":[{"start":{"line":36,"column":10},"end":{"line":36,"column":68}},{"start":{},"end":{}}],"line":36},"3":{"loc":{"start":{"line":44,"column":6},"end":{"line":44,"column":27}},"type":"if","locations":[{"start":{"line":44,"column":6},"end":{"line":44,"column":27}},{"start":{},"end":{}}],"line":44},"4":{"loc":{"start":{"line":65,"column":10},"end":{"line":65,"column":76}},"type":"if","locations":[{"start":{"line":65,"column":10},"end":{"line":65,"column":76}},{"start":{},"end":{}}],"line":65},"5":{"loc":{"start":{"line":82,"column":6},"end":{"line":85,"column":7}},"type":"if","locations":[{"start":{"line":82,"column":6},"end":{"line":85,"column":7}},{"start":{},"end":{}}],"line":82},"6":{"loc":{"start":{"line":86,"column":6},"end":{"line":89,"column":7}},"type":"if","locations":[{"start":{"line":86,"column":6},"end":{"line":89,"column":7}},{"start":{},"end":{}}],"line":86}},"s":{"0":0,"1":0,"2":0,"3":0,"4":0,"5":0,"6":0,"7":0,"8":0,"9":0,"10":0,"11":0,"12":0,"13":0,"14":0,"15":0,"16":0,"17":0,"18":0,"19":0,"20":0,"21":0,"22":0,"23":0,"24":0,"25":0,"26":0,"27":0,"28":0,"29":0,"30":0,"31":0,"32":0,"33":0,"34":0,"35":0,"36":0,"37":0},"f":{"0":0,"1":0,"2":0,"3":0,"4":0,"5":0,"6":0,"7":0,"8":0,"9":0},"b":{"0":[0],"1":[0,0],"2":[0,0],"3":[0,0],"4":[0,0],"5":[0,0],"6":[0,0]}}
,"C:\\Users\\Administrator\\Desktop\\Sweetrip\\src\\hooks\\useMenuItems.ts": {"path":"C:\\Users\\Administrator\\Desktop\\Sweetrip\\src\\hooks\\useMenuItems.ts","statementMap":{"0":{"start":{"line":12,"column":30},"end":{"line":17,"column":1}},"1":{"start":{"line":20,"column":19},"end":{"line":20,"column":28}},"2":{"start":{"line":22,"column":22},"end":{"line":25,"column":12}},"3":{"start":{"line":23,"column":4},"end":{"line":23,"column":27}},"4":{"start":{"line":23,"column":15},"end":{"line":23,"column":27}},"5":{"start":{"line":24,"column":4},"end":{"line":24,"column":61}},"6":{"start":{"line":27,"column":20},"end":{"line":34,"column":19}},"7":{"start":{"line":28,"column":4},"end":{"line":33,"column":7}},"8":{"start":{"line":29,"column":6},"end":{"line":31,"column":7}},"9":{"start":{"line":30,"column":8},"end":{"line":30,"column":57}},"10":{"start":{"line":32,"column":6},"end":{"line":32,"column":18}},"11":{"start":{"line":36,"column":2},"end":{"line":36,"column":19}}},"fnMap":{"0":{"name":"useMenuItems","decl":{"start":{"line":19,"column":16},"end":{"line":19,"column":28}},"loc":{"start":{"line":19,"column":31},"end":{"line":37,"column":1}},"line":19},"1":{"name":"(anonymous_1)","decl":{"start":{"line":22,"column":30},"end":{"line":22,"column":31}},"loc":{"start":{"line":22,"column":36},"end":{"line":25,"column":3}},"line":22},"2":{"name":"(anonymous_2)","decl":{"start":{"line":27,"column":28},"end":{"line":27,"column":29}},"loc":{"start":{"line":27,"column":34},"end":{"line":34,"column":3}},"line":27},"3":{"name":"(anonymous_3)","decl":{"start":{"line":28,"column":28},"end":{"line":28,"column":29}},"loc":{"start":{"line":28,"column":38},"end":{"line":33,"column":5}},"line":28}},"branchMap":{"0":{"loc":{"start":{"line":23,"column":4},"end":{"line":23,"column":27}},"type":"if","locations":[{"start":{"line":23,"column":4},"end":{"line":23,"column":27}},{"start":{},"end":{}}],"line":23},"1":{"loc":{"start":{"line":29,"column":6},"end":{"line":31,"column":7}},"type":"if","locations":[{"start":{"line":29,"column":6},"end":{"line":31,"column":7}},{"start":{},"end":{}}],"line":29},"2":{"loc":{"start":{"line":30,"column":15},"end":{"line":30,"column":56}},"type":"binary-expr","locations":[{"start":{"line":30,"column":15},"end":{"line":30,"column":47}},{"start":{"line":30,"column":51},"end":{"line":30,"column":56}}],"line":30}},"s":{"0":0,"1":0,"2":0,"3":0,"4":0,"5":0,"6":0,"7":0,"8":0,"9":0,"10":0,"11":0},"f":{"0":0,"1":0,"2":0,"3":0},"b":{"0":[0,0],"1":[0,0],"2":[0,0]}}
,"C:\\Users\\Administrator\\Desktop\\Sweetrip\\src\\hooks\\queries\\index.ts": {"path":"C:\\Users\\Administrator\\Desktop\\Sweetrip\\src\\hooks\\queries\\index.ts","statementMap":{},"fnMap":{},"branchMap":{},"s":{},"f":{},"b":{}}
,"C:\\Users\\Administrator\\Desktop\\Sweetrip\\src\\hooks\\queries\\useDashboardQuery.ts": {"path":"C:\\Users\\Administrator\\Desktop\\Sweetrip\\src\\hooks\\queries\\useDashboardQuery.ts","statementMap":{"0":{"start":{"line":6,"column":2},"end":{"line":10,"column":5}},"1":{"start":{"line":8,"column":19},"end":{"line":8,"column":46}}},"fnMap":{"0":{"name":"useDashboardQuery","decl":{"start":{"line":5,"column":16},"end":{"line":5,"column":33}},"loc":{"start":{"line":5,"column":36},"end":{"line":11,"column":1}},"line":5},"1":{"name":"(anonymous_1)","decl":{"start":{"line":8,"column":13},"end":{"line":8,"column":14}},"loc":{"start":{"line":8,"column":19},"end":{"line":8,"column":46}},"line":8}},"branchMap":{},"s":{"0":0,"1":0},"f":{"0":0,"1":0},"b":{}}
,"C:\\Users\\Administrator\\Desktop\\Sweetrip\\src\\hooks\\queries\\useTripCreateDataQuery.ts": {"path":"C:\\Users\\Administrator\\Desktop\\Sweetrip\\src\\hooks\\queries\\useTripCreateDataQuery.ts","statementMap":{"0":{"start":{"line":6,"column":2},"end":{"line":11,"column":5}},"1":{"start":{"line":8,"column":19},"end":{"line":8,"column":43}}},"fnMap":{"0":{"name":"useTripCreateDataQuery","decl":{"start":{"line":5,"column":16},"end":{"line":5,"column":38}},"loc":{"start":{"line":5,"column":55},"end":{"line":12,"column":1}},"line":5},"1":{"name":"(anonymous_1)","decl":{"start":{"line":8,"column":13},"end":{"line":8,"column":14}},"loc":{"start":{"line":8,"column":19},"end":{"line":8,"column":43}},"line":8}},"branchMap":{"0":{"loc":{"start":{"line":5,"column":39},"end":{"line":5,"column":53}},"type":"default-arg","locations":[{"start":{"line":5,"column":49},"end":{"line":5,"column":53}}],"line":5}},"s":{"0":0,"1":0},"f":{"0":0,"1":0},"b":{"0":[0]}}
,"C:\\Users\\Administrator\\Desktop\\Sweetrip\\src\\hooks\\queries\\useTripMutations.ts": {"path":"C:\\Users\\Administrator\\Desktop\\Sweetrip\\src\\hooks\\queries\\useTripMutations.ts","statementMap":{"0":{"start":{"line":13,"column":22},"end":{"line":13,"column":38}},"1":{"start":{"line":15,"column":25},"end":{"line":21,"column":4}},"2":{"start":{"line":16,"column":45},"end":{"line":16,"column":66}},"3":{"start":{"line":18,"column":6},"end":{"line":18,"column":75}},"4":{"start":{"line":19,"column":6},"end":{"line":19,"column":78}},"5":{"start":{"line":23,"column":25},"end":{"line":49,"column":4}},"6":{"start":{"line":25,"column":6},"end":{"line":25,"column":31}},"7":{"start":{"line":27,"column":6},"end":{"line":27,"column":80}},"8":{"start":{"line":28,"column":23},"end":{"line":30,"column":7}},"9":{"start":{"line":31,"column":6},"end":{"line":33,"column":8}},"10":{"start":{"line":32,"column":8},"end":{"line":32,"column":66}},"11":{"start":{"line":34,"column":6},"end":{"line":34,"column":26}},"12":{"start":{"line":37,"column":6},"end":{"line":42,"column":7}},"13":{"start":{"line":38,"column":8},"end":{"line":41,"column":10}},"14":{"start":{"line":45,"column":6},"end":{"line":45,"column":78}},"15":{"start":{"line":46,"column":6},"end":{"line":46,"column":75}},"16":{"start":{"line":47,"column":6},"end":{"line":47,"column":78}},"17":{"start":{"line":51,"column":25},"end":{"line":70,"column":4}},"18":{"start":{"line":52,"column":32},"end":{"line":52,"column":51}},"19":{"start":{"line":54,"column":6},"end":{"line":54,"column":77}},"20":{"start":{"line":55,"column":23},"end":{"line":55,"column":71}},"21":{"start":{"line":56,"column":6},"end":{"line":58,"column":8}},"22":{"start":{"line":57,"column":8},"end":{"line":57,"column":49}},"23":{"start":{"line":57,"column":32},"end":{"line":57,"column":43}},"24":{"start":{"line":59,"column":6},"end":{"line":59,"column":26}},"25":{"start":{"line":62,"column":6},"end":{"line":64,"column":7}},"26":{"start":{"line":63,"column":8},"end":{"line":63,"column":75}},"27":{"start":{"line":67,"column":6},"end":{"line":67,"column":75}},"28":{"start":{"line":68,"column":6},"end":{"line":68,"column":78}},"29":{"start":{"line":72,"column":31},"end":{"line":85,"column":4}},"30":{"start":{"line":79,"column":10},"end":{"line":79,"column":43}},"31":{"start":{"line":81,"column":6},"end":{"line":81,"column":78}},"32":{"start":{"line":82,"column":6},"end":{"line":82,"column":75}},"33":{"start":{"line":83,"column":6},"end":{"line":83,"column":78}},"34":{"start":{"line":87,"column":2},"end":{"line":96,"column":4}}},"fnMap":{"0":{"name":"useTripMutations","decl":{"start":{"line":12,"column":16},"end":{"line":12,"column":32}},"loc":{"start":{"line":12,"column":35},"end":{"line":97,"column":1}},"line":12},"1":{"name":"(anonymous_1)","decl":{"start":{"line":16,"column":16},"end":{"line":16,"column":17}},"loc":{"start":{"line":16,"column":45},"end":{"line":16,"column":66}},"line":16},"2":{"name":"(anonymous_2)","decl":{"start":{"line":17,"column":15},"end":{"line":17,"column":16}},"loc":{"start":{"line":17,"column":21},"end":{"line":20,"column":5}},"line":17},"3":{"name":"(anonymous_3)","decl":{"start":{"line":24,"column":16},"end":{"line":24,"column":17}},"loc":{"start":{"line":25,"column":6},"end":{"line":25,"column":31}},"line":25},"4":{"name":"(anonymous_4)","decl":{"start":{"line":26,"column":14},"end":{"line":26,"column":15}},"loc":{"start":{"line":26,"column":38},"end":{"line":35,"column":5}},"line":26},"5":{"name":"(anonymous_5)","decl":{"start":{"line":31,"column":65},"end":{"line":31,"column":66}},"loc":{"start":{"line":32,"column":8},"end":{"line":32,"column":66}},"line":32},"6":{"name":"(anonymous_6)","decl":{"start":{"line":36,"column":13},"end":{"line":36,"column":14}},"loc":{"start":{"line":36,"column":40},"end":{"line":43,"column":5}},"line":36},"7":{"name":"(anonymous_7)","decl":{"start":{"line":44,"column":15},"end":{"line":44,"column":16}},"loc":{"start":{"line":44,"column":34},"end":{"line":48,"column":5}},"line":44},"8":{"name":"(anonymous_8)","decl":{"start":{"line":52,"column":16},"end":{"line":52,"column":17}},"loc":{"start":{"line":52,"column":32},"end":{"line":52,"column":51}},"line":52},"9":{"name":"(anonymous_9)","decl":{"start":{"line":53,"column":14},"end":{"line":53,"column":15}},"loc":{"start":{"line":53,"column":28},"end":{"line":60,"column":5}},"line":53},"10":{"name":"(anonymous_10)","decl":{"start":{"line":56,"column":55},"end":{"line":56,"column":56}},"loc":{"start":{"line":57,"column":8},"end":{"line":57,"column":49}},"line":57},"11":{"name":"(anonymous_11)","decl":{"start":{"line":57,"column":25},"end":{"line":57,"column":26}},"loc":{"start":{"line":57,"column":32},"end":{"line":57,"column":43}},"line":57},"12":{"name":"(anonymous_12)","decl":{"start":{"line":61,"column":13},"end":{"line":61,"column":14}},"loc":{"start":{"line":61,"column":37},"end":{"line":65,"column":5}},"line":61},"13":{"name":"(anonymous_13)","decl":{"start":{"line":66,"column":15},"end":{"line":66,"column":16}},"loc":{"start":{"line":66,"column":21},"end":{"line":69,"column":5}},"line":66},"14":{"name":"(anonymous_14)","decl":{"start":{"line":73,"column":16},"end":{"line":73,"column":17}},"loc":{"start":{"line":79,"column":10},"end":{"line":79,"column":43}},"line":79},"15":{"name":"(anonymous_15)","decl":{"start":{"line":80,"column":15},"end":{"line":80,"column":16}},"loc":{"start":{"line":80,"column":30},"end":{"line":84,"column":5}},"line":80}},"branchMap":{"0":{"loc":{"start":{"line":32,"column":8},"end":{"line":32,"column":66}},"type":"cond-expr","locations":[{"start":{"line":32,"column":14},"end":{"line":32,"column":33}},{"start":{"line":32,"column":37},"end":{"line":32,"column":65}}],"line":32},"1":{"loc":{"start":{"line":37,"column":6},"end":{"line":42,"column":7}},"type":"if","locations":[{"start":{"line":37,"column":6},"end":{"line":42,"column":7}},{"start":{},"end":{}}],"line":37},"2":{"loc":{"start":{"line":57,"column":8},"end":{"line":57,"column":49}},"type":"cond-expr","locations":[{"start":{"line":57,"column":14},"end":{"line":57,"column":44}},{"start":{"line":57,"column":47},"end":{"line":57,"column":49}}],"line":57},"3":{"loc":{"start":{"line":62,"column":6},"end":{"line":64,"column":7}},"type":"if","locations":[{"start":{"line":62,"column":6},"end":{"line":64,"column":7}},{"start":{},"end":{}}],"line":62}},"s":{"0":0,"1":0,"2":0,"3":0,"4":0,"5":0,"6":0,"7":0,"8":0,"9":0,"10":0,"11":0,"12":0,"13":0,"14":0,"15":0,"16":0,"17":0,"18":0,"19":0,"20":0,"21":0,"22":0,"23":0,"24":0,"25":0,"26":0,"27":0,"28":0,"29":0,"30":0,"31":0,"32":0,"33":0,"34":0},"f":{"0":0,"1":0,"2":0,"3":0,"4":0,"5":0,"6":0,"7":0,"8":0,"9":0,"10":0,"11":0,"12":0,"13":0,"14":0,"15":0},"b":{"0":[0,0],"1":[0,0],"2":[0,0],"3":[0,0]}}
,"C:\\Users\\Administrator\\Desktop\\Sweetrip\\src\\hooks\\queries\\useTripQuery.ts": {"path":"C:\\Users\\Administrator\\Desktop\\Sweetrip\\src\\hooks\\queries\\useTripQuery.ts","statementMap":{"0":{"start":{"line":6,"column":2},"end":{"line":11,"column":5}},"1":{"start":{"line":8,"column":19},"end":{"line":8,"column":36}}},"fnMap":{"0":{"name":"useTripQuery","decl":{"start":{"line":5,"column":16},"end":{"line":5,"column":28}},"loc":{"start":{"line":5,"column":48},"end":{"line":12,"column":1}},"line":5},"1":{"name":"(anonymous_1)","decl":{"start":{"line":8,"column":13},"end":{"line":8,"column":14}},"loc":{"start":{"line":8,"column":19},"end":{"line":8,"column":36}},"line":8}},"branchMap":{"0":{"loc":{"start":{"line":7,"column":37},"end":{"line":7,"column":44}},"type":"binary-expr","locations":[{"start":{"line":7,"column":37},"end":{"line":7,"column":39}},{"start":{"line":7,"column":43},"end":{"line":7,"column":44}}],"line":7},"1":{"loc":{"start":{"line":9,"column":13},"end":{"line":9,"column":33}},"type":"binary-expr","locations":[{"start":{"line":9,"column":13},"end":{"line":9,"column":23}},{"start":{"line":9,"column":27},"end":{"line":9,"column":33}}],"line":9}},"s":{"0":0,"1":0},"f":{"0":0,"1":0},"b":{"0":[0,0],"1":[0,0]}}
,"C:\\Users\\Administrator\\Desktop\\Sweetrip\\src\\hooks\\queries\\useTripsQuery.ts": {"path":"C:\\Users\\Administrator\\Desktop\\Sweetrip\\src\\hooks\\queries\\useTripsQuery.ts","statementMap":{"0":{"start":{"line":6,"column":2},"end":{"line":13,"column":5}},"1":{"start":{"line":9,"column":23},"end":{"line":9,"column":44}},"2":{"start":{"line":10,"column":6},"end":{"line":10,"column":34}}},"fnMap":{"0":{"name":"useTripsQuery","decl":{"start":{"line":5,"column":16},"end":{"line":5,"column":29}},"loc":{"start":{"line":5,"column":32},"end":{"line":14,"column":1}},"line":5},"1":{"name":"(anonymous_1)","decl":{"start":{"line":8,"column":13},"end":{"line":8,"column":14}},"loc":{"start":{"line":8,"column":25},"end":{"line":11,"column":5}},"line":8}},"branchMap":{"0":{"loc":{"start":{"line":10,"column":13},"end":{"line":10,"column":33}},"type":"binary-expr","locations":[{"start":{"line":10,"column":13},"end":{"line":10,"column":27}},{"start":{"line":10,"column":31},"end":{"line":10,"column":33}}],"line":10}},"s":{"0":0,"1":0,"2":0},"f":{"0":0,"1":0},"b":{"0":[0,0]}}
,"C:\\Users\\Administrator\\Desktop\\Sweetrip\\src\\hooks\\queries\\useUserPermissionsQuery.ts": {"path":"C:\\Users\\Administrator\\Desktop\\Sweetrip\\src\\hooks\\queries\\useUserPermissionsQuery.ts","statementMap":{"0":{"start":{"line":7,"column":2},"end":{"line":19,"column":5}},"1":{"start":{"line":10,"column":19},"end":{"line":10,"column":42}},"2":{"start":{"line":11,"column":26},"end":{"line":11,"column":58}},"3":{"start":{"line":12,"column":6},"end":{"line":15,"column":8}}},"fnMap":{"0":{"name":"useUserPermissionsQuery","decl":{"start":{"line":6,"column":16},"end":{"line":6,"column":39}},"loc":{"start":{"line":6,"column":56},"end":{"line":20,"column":1}},"line":6},"1":{"name":"(anonymous_1)","decl":{"start":{"line":9,"column":13},"end":{"line":9,"column":14}},"loc":{"start":{"line":9,"column":25},"end":{"line":16,"column":5}},"line":9}},"branchMap":{"0":{"loc":{"start":{"line":6,"column":40},"end":{"line":6,"column":54}},"type":"default-arg","locations":[{"start":{"line":6,"column":50},"end":{"line":6,"column":54}}],"line":6},"1":{"loc":{"start":{"line":14,"column":23},"end":{"line":14,"column":60}},"type":"binary-expr","locations":[{"start":{"line":14,"column":23},"end":{"line":14,"column":51}},{"start":{"line":14,"column":55},"end":{"line":14,"column":60}}],"line":14}},"s":{"0":0,"1":0,"2":0,"3":0},"f":{"0":0,"1":0},"b":{"0":[0],"1":[0,0]}}
,"C:\\Users\\Administrator\\Desktop\\Sweetrip\\src\\hooks\\queries\\useVehicleMutations.ts": {"path":"C:\\Users\\Administrator\\Desktop\\Sweetrip\\src\\hooks\\queries\\useVehicleMutations.ts","statementMap":{"0":{"start":{"line":6,"column":22},"end":{"line":6,"column":38}},"1":{"start":{"line":8,"column":25},"end":{"line":15,"column":4}},"2":{"start":{"line":10,"column":6},"end":{"line":10,"column":30}},"3":{"start":{"line":12,"column":6},"end":{"line":12,"column":78}},"4":{"start":{"line":13,"column":6},"end":{"line":13,"column":78}},"5":{"start":{"line":17,"column":25},"end":{"line":30,"column":4}},"6":{"start":{"line":24,"column":10},"end":{"line":24,"column":38}},"7":{"start":{"line":26,"column":6},"end":{"line":26,"column":81}},"8":{"start":{"line":27,"column":6},"end":{"line":27,"column":78}},"9":{"start":{"line":28,"column":6},"end":{"line":28,"column":78}},"10":{"start":{"line":32,"column":25},"end":{"line":38,"column":4}},"11":{"start":{"line":33,"column":32},"end":{"line":33,"column":54}},"12":{"start":{"line":35,"column":6},"end":{"line":35,"column":78}},"13":{"start":{"line":36,"column":6},"end":{"line":36,"column":78}},"14":{"start":{"line":40,"column":2},"end":{"line":47,"column":4}}},"fnMap":{"0":{"name":"useVehicleMutations","decl":{"start":{"line":5,"column":16},"end":{"line":5,"column":35}},"loc":{"start":{"line":5,"column":38},"end":{"line":48,"column":1}},"line":5},"1":{"name":"(anonymous_1)","decl":{"start":{"line":9,"column":16},"end":{"line":9,"column":17}},"loc":{"start":{"line":10,"column":6},"end":{"line":10,"column":30}},"line":10},"2":{"name":"(anonymous_2)","decl":{"start":{"line":11,"column":15},"end":{"line":11,"column":16}},"loc":{"start":{"line":11,"column":21},"end":{"line":14,"column":5}},"line":11},"3":{"name":"(anonymous_3)","decl":{"start":{"line":18,"column":16},"end":{"line":18,"column":17}},"loc":{"start":{"line":24,"column":10},"end":{"line":24,"column":38}},"line":24},"4":{"name":"(anonymous_4)","decl":{"start":{"line":25,"column":15},"end":{"line":25,"column":16}},"loc":{"start":{"line":25,"column":30},"end":{"line":29,"column":5}},"line":25},"5":{"name":"(anonymous_5)","decl":{"start":{"line":33,"column":16},"end":{"line":33,"column":17}},"loc":{"start":{"line":33,"column":32},"end":{"line":33,"column":54}},"line":33},"6":{"name":"(anonymous_6)","decl":{"start":{"line":34,"column":15},"end":{"line":34,"column":16}},"loc":{"start":{"line":34,"column":21},"end":{"line":37,"column":5}},"line":34}},"branchMap":{},"s":{"0":0,"1":0,"2":0,"3":0,"4":0,"5":0,"6":0,"7":0,"8":0,"9":0,"10":0,"11":0,"12":0,"13":0,"14":0},"f":{"0":0,"1":0,"2":0,"3":0,"4":0,"5":0,"6":0},"b":{}}
,"C:\\Users\\Administrator\\Desktop\\Sweetrip\\src\\hooks\\queries\\useVehicleQuery.ts": {"path":"C:\\Users\\Administrator\\Desktop\\Sweetrip\\src\\hooks\\queries\\useVehicleQuery.ts","statementMap":{"0":{"start":{"line":6,"column":2},"end":{"line":11,"column":5}},"1":{"start":{"line":8,"column":19},"end":{"line":8,"column":39}}},"fnMap":{"0":{"name":"useVehicleQuery","decl":{"start":{"line":5,"column":16},"end":{"line":5,"column":31}},"loc":{"start":{"line":5,"column":51},"end":{"line":12,"column":1}},"line":5},"1":{"name":"(anonymous_1)","decl":{"start":{"line":8,"column":13},"end":{"line":8,"column":14}},"loc":{"start":{"line":8,"column":19},"end":{"line":8,"column":39}},"line":8}},"branchMap":{"0":{"loc":{"start":{"line":7,"column":40},"end":{"line":7,"column":47}},"type":"binary-expr","locations":[{"start":{"line":7,"column":40},"end":{"line":7,"column":42}},{"start":{"line":7,"column":46},"end":{"line":7,"column":47}}],"line":7},"1":{"loc":{"start":{"line":9,"column":13},"end":{"line":9,"column":33}},"type":"binary-expr","locations":[{"start":{"line":9,"column":13},"end":{"line":9,"column":23}},{"start":{"line":9,"column":27},"end":{"line":9,"column":33}}],"line":9}},"s":{"0":0,"1":0},"f":{"0":0,"1":0},"b":{"0":[0,0],"1":[0,0]}}
,"C:\\Users\\Administrator\\Desktop\\Sweetrip\\src\\hooks\\queries\\useVehiclesQuery.ts": {"path":"C:\\Users\\Administrator\\Desktop\\Sweetrip\\src\\hooks\\queries\\useVehiclesQuery.ts","statementMap":{"0":{"start":{"line":6,"column":2},"end":{"line":10,"column":5}},"1":{"start":{"line":8,"column":19},"end":{"line":8,"column":37}}},"fnMap":{"0":{"name":"useVehiclesQuery","decl":{"start":{"line":5,"column":16},"end":{"line":5,"column":32}},"loc":{"start":{"line":5,"column":35},"end":{"line":11,"column":1}},"line":5},"1":{"name":"(anonymous_1)","decl":{"start":{"line":8,"column":13},"end":{"line":8,"column":14}},"loc":{"start":{"line":8,"column":19},"end":{"line":8,"column":37}},"line":8}},"branchMap":{},"s":{"0":0,"1":0},"f":{"0":0,"1":0},"b":{}}
,"C:\\Users\\Administrator\\Desktop\\Sweetrip\\src\\lib\\QueryProvider.tsx": {"path":"C:\\Users\\Administrator\\Desktop\\Sweetrip\\src\\lib\\QueryProvider.tsx","statementMap":{"0":{"start":{"line":5,"column":70},"end":{"line":11,"column":1}},"1":{"start":{"line":8,"column":2},"end":{"line":10,"column":4}}},"fnMap":{"0":{"name":"(anonymous_0)","decl":{"start":{"line":5,"column":70},"end":{"line":5,"column":71}},"loc":{"start":{"line":7,"column":6},"end":{"line":11,"column":1}},"line":7}},"branchMap":{},"s":{"0":0,"1":0},"f":{"0":0},"b":{}}
,"C:\\Users\\Administrator\\Desktop\\Sweetrip\\src\\lib\\listConfig.ts": {"path":"C:\\Users\\Administrator\\Desktop\\Sweetrip\\src\\lib\\listConfig.ts","statementMap":{"0":{"start":{"line":8,"column":40},"end":{"line":13,"column":1}},"1":{"start":{"line":20,"column":2},"end":{"line":24,"column":5}},"2":{"start":{"line":20,"column":28},"end":{"line":24,"column":3}}},"fnMap":{"0":{"name":"getFixedItemLayout","decl":{"start":{"line":16,"column":16},"end":{"line":16,"column":34}},"loc":{"start":{"line":19,"column":96},"end":{"line":25,"column":1}},"line":19},"1":{"name":"(anonymous_1)","decl":{"start":{"line":20,"column":9},"end":{"line":20,"column":10}},"loc":{"start":{"line":20,"column":28},"end":{"line":24,"column":3}},"line":20}},"branchMap":{"0":{"loc":{"start":{"line":18,"column":2},"end":{"line":18,"column":21}},"type":"default-arg","locations":[{"start":{"line":18,"column":20},"end":{"line":18,"column":21}}],"line":18}},"s":{"0":0,"1":0,"2":0},"f":{"0":0,"1":0},"b":{"0":[0]}}
,"C:\\Users\\Administrator\\Desktop\\Sweetrip\\src\\lib\\queryClient.ts": {"path":"C:\\Users\\Administrator\\Desktop\\Sweetrip\\src\\lib\\queryClient.ts","statementMap":{"0":{"start":{"line":8,"column":25},"end":{"line":8,"column":34}},"1":{"start":{"line":9,"column":22},"end":{"line":9,"column":35}},"2":{"start":{"line":11,"column":27},"end":{"line":23,"column":2}}},"fnMap":{},"branchMap":{},"s":{"0":0,"1":0,"2":0},"f":{},"b":{}}
,"C:\\Users\\Administrator\\Desktop\\Sweetrip\\src\\lib\\queryKeys.ts": {"path":"C:\\Users\\Administrator\\Desktop\\Sweetrip\\src\\lib\\queryKeys.ts","statementMap":{"0":{"start":{"line":6,"column":25},"end":{"line":37,"column":10}},"1":{"start":{"line":11,"column":17},"end":{"line":11,"column":58}},"2":{"start":{"line":13,"column":6},"end":{"line":13,"column":58}},"3":{"start":{"line":14,"column":19},"end":{"line":14,"column":62}},"4":{"start":{"line":15,"column":28},"end":{"line":15,"column":71}},"5":{"start":{"line":16,"column":22},"end":{"line":16,"column":69}},"6":{"start":{"line":21,"column":16},"end":{"line":21,"column":61}},"7":{"start":{"line":26,"column":17},"end":{"line":26,"column":61}},"8":{"start":{"line":27,"column":16},"end":{"line":27,"column":56}},"9":{"start":{"line":28,"column":19},"end":{"line":28,"column":65}},"10":{"start":{"line":29,"column":28},"end":{"line":29,"column":74}},"11":{"start":{"line":34,"column":23},"end":{"line":34,"column":70}},"12":{"start":{"line":35,"column":19},"end":{"line":35,"column":62}}},"fnMap":{"0":{"name":"(anonymous_0)","decl":{"start":{"line":11,"column":11},"end":{"line":11,"column":12}},"loc":{"start":{"line":11,"column":17},"end":{"line":11,"column":58}},"line":11},"1":{"name":"(anonymous_1)","decl":{"start":{"line":12,"column":10},"end":{"line":12,"column":11}},"loc":{"start":{"line":13,"column":6},"end":{"line":13,"column":58}},"line":13},"2":{"name":"(anonymous_2)","decl":{"start":{"line":14,"column":13},"end":{"line":14,"column":14}},"loc":{"start":{"line":14,"column":19},"end":{"line":14,"column":62}},"line":14},"3":{"name":"(anonymous_3)","decl":{"start":{"line":15,"column":12},"end":{"line":15,"column":13}},"loc":{"start":{"line":15,"column":28},"end":{"line":15,"column":71}},"line":15},"4":{"name":"(anonymous_4)","decl":{"start":{"line":16,"column":16},"end":{"line":16,"column":17}},"loc":{"start":{"line":16,"column":22},"end":{"line":16,"column":69}},"line":16},"5":{"name":"(anonymous_5)","decl":{"start":{"line":21,"column":10},"end":{"line":21,"column":11}},"loc":{"start":{"line":21,"column":16},"end":{"line":21,"column":61}},"line":21},"6":{"name":"(anonymous_6)","decl":{"start":{"line":26,"column":11},"end":{"line":26,"column":12}},"loc":{"start":{"line":26,"column":17},"end":{"line":26,"column":61}},"line":26},"7":{"name":"(anonymous_7)","decl":{"start":{"line":27,"column":10},"end":{"line":27,"column":11}},"loc":{"start":{"line":27,"column":16},"end":{"line":27,"column":56}},"line":27},"8":{"name":"(anonymous_8)","decl":{"start":{"line":28,"column":13},"end":{"line":28,"column":14}},"loc":{"start":{"line":28,"column":19},"end":{"line":28,"column":65}},"line":28},"9":{"name":"(anonymous_9)","decl":{"start":{"line":29,"column":12},"end":{"line":29,"column":13}},"loc":{"start":{"line":29,"column":28},"end":{"line":29,"column":74}},"line":29},"10":{"name":"(anonymous_10)","decl":{"start":{"line":34,"column":17},"end":{"line":34,"column":18}},"loc":{"start":{"line":34,"column":23},"end":{"line":34,"column":70}},"line":34},"11":{"name":"(anonymous_11)","decl":{"start":{"line":35,"column":13},"end":{"line":35,"column":14}},"loc":{"start":{"line":35,"column":19},"end":{"line":35,"column":62}},"line":35}},"branchMap":{"0":{"loc":{"start":{"line":13,"column":35},"end":{"line":13,"column":48}},"type":"binary-expr","locations":[{"start":{"line":13,"column":35},"end":{"line":13,"column":42}},{"start":{"line":13,"column":46},"end":{"line":13,"column":48}}],"line":13}},"s":{"0":0,"1":0,"2":0,"3":0,"4":0,"5":0,"6":0,"7":0,"8":0,"9":0,"10":0,"11":0,"12":0},"f":{"0":0,"1":0,"2":0,"3":0,"4":0,"5":0,"6":0,"7":0,"8":0,"9":0,"10":0,"11":0},"b":{"0":[0,0]}}
,"C:\\Users\\Administrator\\Desktop\\Sweetrip\\src\\navigation\\AppNavigator.tsx": {"path":"C:\\Users\\Administrator\\Desktop\\Sweetrip\\src\\navigation\\AppNavigator.tsx","statementMap":{"0":{"start":{"line":13,"column":32},"end":{"line":17,"column":1}},"1":{"start":{"line":14,"column":2},"end":{"line":16,"column":9}},"2":{"start":{"line":19,"column":14},"end":{"line":19,"column":62}},"3":{"start":{"line":21,"column":38},"end":{"line":47,"column":1}},"4":{"start":{"line":22,"column":15},"end":{"line":22,"column":64}},"5":{"start":{"line":24,"column":2},"end":{"line":27,"column":3}},"6":{"start":{"line":25,"column":4},"end":{"line":25,"column":41}},"7":{"start":{"line":26,"column":4},"end":{"line":26,"column":29}},"8":{"start":{"line":29,"column":41},"end":{"line":29,"column":45}},"9":{"start":{"line":31,"column":2},"end":{"line":33,"column":3}},"10":{"start":{"line":32,"column":4},"end":{"line":32,"column":29}},"11":{"start":{"line":35,"column":2},"end":{"line":46,"column":4}},"12":{"start":{"line":49,"column":15},"end":{"line":55,"column":2}}},"fnMap":{"0":{"name":"(anonymous_0)","decl":{"start":{"line":13,"column":32},"end":{"line":13,"column":33}},"loc":{"start":{"line":14,"column":2},"end":{"line":16,"column":9}},"line":14},"1":{"name":"(anonymous_1)","decl":{"start":{"line":21,"column":38},"end":{"line":21,"column":39}},"loc":{"start":{"line":21,"column":44},"end":{"line":47,"column":1}},"line":21}},"branchMap":{"0":{"loc":{"start":{"line":24,"column":2},"end":{"line":27,"column":3}},"type":"if","locations":[{"start":{"line":24,"column":2},"end":{"line":27,"column":3}},{"start":{},"end":{}}],"line":24},"1":{"loc":{"start":{"line":31,"column":2},"end":{"line":33,"column":3}},"type":"if","locations":[{"start":{"line":31,"column":2},"end":{"line":33,"column":3}},{"start":{},"end":{}}],"line":31},"2":{"loc":{"start":{"line":37,"column":7},"end":{"line":44,"column":7}},"type":"cond-expr","locations":[{"start":{"line":38,"column":8},"end":{"line":38,"column":67}},{"start":{"line":40,"column":8},"end":{"line":43,"column":11}}],"line":37}},"s":{"0":0,"1":0,"2":0,"3":0,"4":0,"5":0,"6":0,"7":0,"8":0,"9":0,"10":0,"11":0,"12":0},"f":{"0":0,"1":0},"b":{"0":[0,0],"1":[0,0],"2":[0,0]}}
,"C:\\Users\\Administrator\\Desktop\\Sweetrip\\src\\navigation\\AuthNavigator.tsx": {"path":"C:\\Users\\Administrator\\Desktop\\Sweetrip\\src\\navigation\\AuthNavigator.tsx","statementMap":{"0":{"start":{"line":6,"column":14},"end":{"line":6,"column":42}},"1":{"start":{"line":8,"column":29},"end":{"line":15,"column":1}},"2":{"start":{"line":9,"column":2},"end":{"line":14,"column":4}}},"fnMap":{"0":{"name":"(anonymous_0)","decl":{"start":{"line":8,"column":29},"end":{"line":8,"column":30}},"loc":{"start":{"line":8,"column":35},"end":{"line":15,"column":1}},"line":8}},"branchMap":{},"s":{"0":0,"1":0,"2":0},"f":{"0":0},"b":{}}
,"C:\\Users\\Administrator\\Desktop\\Sweetrip\\src\\navigation\\TripsNavigator.tsx": {"path":"C:\\Users\\Administrator\\Desktop\\Sweetrip\\src\\navigation\\TripsNavigator.tsx","statementMap":{"0":{"start":{"line":17,"column":14},"end":{"line":17,"column":63}},"1":{"start":{"line":19,"column":40},"end":{"line":49,"column":1}},"2":{"start":{"line":20,"column":2},"end":{"line":48,"column":20}}},"fnMap":{"0":{"name":"(anonymous_0)","decl":{"start":{"line":19,"column":40},"end":{"line":19,"column":41}},"loc":{"start":{"line":20,"column":2},"end":{"line":48,"column":20}},"line":20}},"branchMap":{},"s":{"0":0,"1":0,"2":0},"f":{"0":0},"b":{}}
,"C:\\Users\\Administrator\\Desktop\\Sweetrip\\src\\navigation\\VehiclesNavigator.tsx": {"path":"C:\\Users\\Administrator\\Desktop\\Sweetrip\\src\\navigation\\VehiclesNavigator.tsx","statementMap":{"0":{"start":{"line":21,"column":14},"end":{"line":21,"column":66}},"1":{"start":{"line":23,"column":43},"end":{"line":62,"column":1}},"2":{"start":{"line":24,"column":2},"end":{"line":61,"column":20}},"3":{"start":{"line":25,"column":40},"end":{"line":39,"column":5}},"4":{"start":{"line":31,"column":8},"end":{"line":37,"column":27}},"5":{"start":{"line":32,"column":25},"end":{"line":32,"column":72}}},"fnMap":{"0":{"name":"(anonymous_0)","decl":{"start":{"line":23,"column":43},"end":{"line":23,"column":44}},"loc":{"start":{"line":24,"column":2},"end":{"line":61,"column":20}},"line":24},"1":{"name":"(anonymous_1)","decl":{"start":{"line":25,"column":19},"end":{"line":25,"column":20}},"loc":{"start":{"line":25,"column":40},"end":{"line":39,"column":5}},"line":25},"2":{"name":"(anonymous_2)","decl":{"start":{"line":30,"column":18},"end":{"line":30,"column":19}},"loc":{"start":{"line":31,"column":8},"end":{"line":37,"column":27}},"line":31},"3":{"name":"(anonymous_3)","decl":{"start":{"line":32,"column":19},"end":{"line":32,"column":20}},"loc":{"start":{"line":32,"column":25},"end":{"line":32,"column":72}},"line":32}},"branchMap":{},"s":{"0":0,"1":0,"2":0,"3":0,"4":0,"5":0},"f":{"0":0,"1":0,"2":0,"3":0},"b":{}}
,"C:\\Users\\Administrator\\Desktop\\Sweetrip\\src\\navigation\\linking.ts": {"path":"C:\\Users\\Administrator\\Desktop\\Sweetrip\\src\\navigation\\linking.ts","statementMap":{"0":{"start":{"line":4,"column":59},"end":{"line":23,"column":1}}},"fnMap":{},"branchMap":{},"s":{"0":0},"f":{},"b":{}}
,"C:\\Users\\Administrator\\Desktop\\Sweetrip\\src\\navigation\\types.ts": {"path":"C:\\Users\\Administrator\\Desktop\\Sweetrip\\src\\navigation\\types.ts","statementMap":{},"fnMap":{},"branchMap":{},"s":{},"f":{},"b":{}}
,"C:\\Users\\Administrator\\Desktop\\Sweetrip\\src\\navigation\\MainNavigator\\CustomDrawerContent.tsx": {"path":"C:\\Users\\Administrator\\Desktop\\Sweetrip\\src\\navigation\\MainNavigator\\CustomDrawerContent.tsx","statementMap":{"0":{"start":{"line":13,"column":74},"end":{"line":86,"column":1}},"1":{"start":{"line":16,"column":23},"end":{"line":16,"column":65}},"2":{"start":{"line":17,"column":21},"end":{"line":17,"column":30}},"3":{"start":{"line":18,"column":20},"end":{"line":18,"column":34}},"4":{"start":{"line":20,"column":27},"end":{"line":29,"column":3}},"5":{"start":{"line":21,"column":4},"end":{"line":27,"column":5}},"6":{"start":{"line":22,"column":6},"end":{"line":22,"column":72}},"7":{"start":{"line":23,"column":11},"end":{"line":27,"column":5}},"8":{"start":{"line":24,"column":6},"end":{"line":24,"column":66}},"9":{"start":{"line":26,"column":6},"end":{"line":26,"column":43}},"10":{"start":{"line":28,"column":4},"end":{"line":28,"column":35}},"11":{"start":{"line":31,"column":23},"end":{"line":39,"column":3}},"12":{"start":{"line":32,"column":4},"end":{"line":38,"column":5}},"13":{"start":{"line":33,"column":6},"end":{"line":33,"column":21}},"14":{"start":{"line":35,"column":6},"end":{"line":35,"column":43}},"15":{"start":{"line":37,"column":6},"end":{"line":37,"column":37}},"16":{"start":{"line":41,"column":2},"end":{"line":85,"column":4}},"17":{"start":{"line":46,"column":41},"end":{"line":46,"column":82}},"18":{"start":{"line":51,"column":27},"end":{"line":51,"column":53}},"19":{"start":{"line":52,"column":10},"end":{"line":68,"column":12}},"20":{"start":{"line":56,"column":29},"end":{"line":56,"column":51}}},"fnMap":{"0":{"name":"(anonymous_0)","decl":{"start":{"line":13,"column":74},"end":{"line":13,"column":75}},"loc":{"start":{"line":15,"column":5},"end":{"line":86,"column":1}},"line":15},"1":{"name":"(anonymous_1)","decl":{"start":{"line":20,"column":27},"end":{"line":20,"column":28}},"loc":{"start":{"line":20,"column":47},"end":{"line":29,"column":3}},"line":20},"2":{"name":"(anonymous_2)","decl":{"start":{"line":31,"column":23},"end":{"line":31,"column":24}},"loc":{"start":{"line":31,"column":35},"end":{"line":39,"column":3}},"line":31},"3":{"name":"(anonymous_3)","decl":{"start":{"line":46,"column":35},"end":{"line":46,"column":36}},"loc":{"start":{"line":46,"column":41},"end":{"line":46,"column":82}},"line":46},"4":{"name":"(anonymous_4)","decl":{"start":{"line":50,"column":23},"end":{"line":50,"column":24}},"loc":{"start":{"line":50,"column":33},"end":{"line":69,"column":9}},"line":50},"5":{"name":"(anonymous_5)","decl":{"start":{"line":56,"column":23},"end":{"line":56,"column":24}},"loc":{"start":{"line":56,"column":29},"end":{"line":56,"column":51}},"line":56}},"branchMap":{"0":{"loc":{"start":{"line":21,"column":4},"end":{"line":27,"column":5}},"type":"if","locations":[{"start":{"line":21,"column":4},"end":{"line":27,"column":5}},{"start":{"line":23,"column":11},"end":{"line":27,"column":5}}],"line":21},"1":{"loc":{"start":{"line":23,"column":11},"end":{"line":27,"column":5}},"type":"if","locations":[{"start":{"line":23,"column":11},"end":{"line":27,"column":5}},{"start":{"line":25,"column":11},"end":{"line":27,"column":5}}],"line":23},"2":{"loc":{"start":{"line":55,"column":39},"end":{"line":55,"column":72}},"type":"binary-expr","locations":[{"start":{"line":55,"column":39},"end":{"line":55,"column":47}},{"start":{"line":55,"column":51},"end":{"line":55,"column":72}}],"line":55},"3":{"loc":{"start":{"line":63,"column":42},"end":{"line":63,"column":76}},"type":"binary-expr","locations":[{"start":{"line":63,"column":42},"end":{"line":63,"column":50}},{"start":{"line":63,"column":54},"end":{"line":63,"column":76}}],"line":63}},"s":{"0":0,"1":0,"2":0,"3":0,"4":0,"5":0,"6":0,"7":0,"8":0,"9":0,"10":0,"11":0,"12":0,"13":0,"14":0,"15":0,"16":0,"17":0,"18":0,"19":0,"20":0},"f":{"0":0,"1":0,"2":0,"3":0,"4":0,"5":0},"b":{"0":[0,0],"1":[0,0],"2":[0,0],"3":[0,0]}}
,"C:\\Users\\Administrator\\Desktop\\Sweetrip\\src\\navigation\\MainNavigator\\logic.tsx": {"path":"C:\\Users\\Administrator\\Desktop\\Sweetrip\\src\\navigation\\MainNavigator\\logic.tsx","statementMap":{"0":{"start":{"line":4,"column":37},"end":{"line":17,"column":1}},"1":{"start":{"line":5,"column":17},"end":{"line":5,"column":36}},"2":{"start":{"line":7,"column":22},"end":{"line":14,"column":3}},"3":{"start":{"line":8,"column":11},"end":{"line":12,"column":5}},"4":{"start":{"line":16,"column":2},"end":{"line":16,"column":25}}},"fnMap":{"0":{"name":"(anonymous_0)","decl":{"start":{"line":4,"column":37},"end":{"line":4,"column":38}},"loc":{"start":{"line":4,"column":43},"end":{"line":17,"column":1}},"line":4},"1":{"name":"(anonymous_1)","decl":{"start":{"line":8,"column":4},"end":{"line":8,"column":5}},"loc":{"start":{"line":8,"column":11},"end":{"line":12,"column":5}},"line":8}},"branchMap":{},"s":{"0":0,"1":0,"2":0,"3":0,"4":0},"f":{"0":0,"1":0},"b":{}}
,"C:\\Users\\Administrator\\Desktop\\Sweetrip\\src\\navigation\\MainNavigator\\styles.ts": {"path":"C:\\Users\\Administrator\\Desktop\\Sweetrip\\src\\navigation\\MainNavigator\\styles.ts","statementMap":{"0":{"start":{"line":5,"column":22},"end":{"line":112,"column":2}}},"fnMap":{},"branchMap":{},"s":{"0":0},"f":{},"b":{}}
,"C:\\Users\\Administrator\\Desktop\\Sweetrip\\src\\roles\\IRoleHandler.ts": {"path":"C:\\Users\\Administrator\\Desktop\\Sweetrip\\src\\roles\\IRoleHandler.ts","statementMap":{},"fnMap":{},"branchMap":{},"s":{},"f":{},"b":{}}
,"C:\\Users\\Administrator\\Desktop\\Sweetrip\\src\\roles\\RoleFactory.ts": {"path":"C:\\Users\\Administrator\\Desktop\\Sweetrip\\src\\roles\\RoleFactory.ts","statementMap":{"0":{"start":{"line":13,"column":55},"end":{"line":13,"column":64}},"1":{"start":{"line":22,"column":4},"end":{"line":40,"column":5}},"2":{"start":{"line":23,"column":6},"end":{"line":39,"column":7}},"3":{"start":{"line":25,"column":10},"end":{"line":25,"column":58}},"4":{"start":{"line":26,"column":10},"end":{"line":26,"column":16}},"5":{"start":{"line":28,"column":10},"end":{"line":28,"column":60}},"6":{"start":{"line":29,"column":10},"end":{"line":29,"column":16}},"7":{"start":{"line":31,"column":10},"end":{"line":31,"column":59}},"8":{"start":{"line":32,"column":10},"end":{"line":32,"column":16}},"9":{"start":{"line":34,"column":10},"end":{"line":34,"column":56}},"10":{"start":{"line":35,"column":10},"end":{"line":35,"column":16}},"11":{"start":{"line":38,"column":10},"end":{"line":38,"column":64}},"12":{"start":{"line":41,"column":4},"end":{"line":41,"column":36}},"13":{"start":{"line":51,"column":4},"end":{"line":53,"column":5}},"14":{"start":{"line":52,"column":6},"end":{"line":52,"column":43}},"15":{"start":{"line":55,"column":21},"end":{"line":55,"column":65}},"16":{"start":{"line":55,"column":39},"end":{"line":55,"column":64}},"17":{"start":{"line":57,"column":4},"end":{"line":66,"column":6}},"18":{"start":{"line":58,"column":27},"end":{"line":58,"column":64}},"19":{"start":{"line":58,"column":46},"end":{"line":58,"column":63}},"20":{"start":{"line":59,"column":25},"end":{"line":59,"column":60}},"21":{"start":{"line":59,"column":44},"end":{"line":59,"column":59}},"22":{"start":{"line":61,"column":8},"end":{"line":61,"column":71}},"23":{"start":{"line":61,"column":27},"end":{"line":61,"column":70}},"24":{"start":{"line":62,"column":27},"end":{"line":62,"column":64}},"25":{"start":{"line":62,"column":46},"end":{"line":62,"column":63}},"26":{"start":{"line":63,"column":29},"end":{"line":63,"column":68}},"27":{"start":{"line":63,"column":48},"end":{"line":63,"column":67}},"28":{"start":{"line":64,"column":29},"end":{"line":64,"column":68}},"29":{"start":{"line":64,"column":48},"end":{"line":64,"column":67}},"30":{"start":{"line":65,"column":25},"end":{"line":65,"column":41}},"31":{"start":{"line":75,"column":4},"end":{"line":77,"column":5}},"32":{"start":{"line":76,"column":6},"end":{"line":76,"column":18}},"33":{"start":{"line":78,"column":4},"end":{"line":78,"column":51}}},"fnMap":{"0":{"name":"(anonymous_0)","decl":{"start":{"line":20,"column":2},"end":{"line":20,"column":3}},"loc":{"start":{"line":20,"column":52},"end":{"line":42,"column":3}},"line":20},"1":{"name":"(anonymous_1)","decl":{"start":{"line":50,"column":2},"end":{"line":50,"column":3}},"loc":{"start":{"line":50,"column":63},"end":{"line":67,"column":3}},"line":50},"2":{"name":"(anonymous_2)","decl":{"start":{"line":55,"column":31},"end":{"line":55,"column":32}},"loc":{"start":{"line":55,"column":39},"end":{"line":55,"column":64}},"line":55},"3":{"name":"(anonymous_3)","decl":{"start":{"line":58,"column":21},"end":{"line":58,"column":22}},"loc":{"start":{"line":58,"column":27},"end":{"line":58,"column":64}},"line":58},"4":{"name":"(anonymous_4)","decl":{"start":{"line":58,"column":41},"end":{"line":58,"column":42}},"loc":{"start":{"line":58,"column":46},"end":{"line":58,"column":63}},"line":58},"5":{"name":"(anonymous_5)","decl":{"start":{"line":59,"column":19},"end":{"line":59,"column":20}},"loc":{"start":{"line":59,"column":25},"end":{"line":59,"column":60}},"line":59},"6":{"name":"(anonymous_6)","decl":{"start":{"line":59,"column":39},"end":{"line":59,"column":40}},"loc":{"start":{"line":59,"column":44},"end":{"line":59,"column":59}},"line":59},"7":{"name":"(anonymous_7)","decl":{"start":{"line":60,"column":27},"end":{"line":60,"column":28}},"loc":{"start":{"line":61,"column":8},"end":{"line":61,"column":71}},"line":61},"8":{"name":"(anonymous_8)","decl":{"start":{"line":61,"column":22},"end":{"line":61,"column":23}},"loc":{"start":{"line":61,"column":27},"end":{"line":61,"column":70}},"line":61},"9":{"name":"(anonymous_9)","decl":{"start":{"line":62,"column":21},"end":{"line":62,"column":22}},"loc":{"start":{"line":62,"column":27},"end":{"line":62,"column":64}},"line":62},"10":{"name":"(anonymous_10)","decl":{"start":{"line":62,"column":41},"end":{"line":62,"column":42}},"loc":{"start":{"line":62,"column":46},"end":{"line":62,"column":63}},"line":62},"11":{"name":"(anonymous_11)","decl":{"start":{"line":63,"column":23},"end":{"line":63,"column":24}},"loc":{"start":{"line":63,"column":29},"end":{"line":63,"column":68}},"line":63},"12":{"name":"(anonymous_12)","decl":{"start":{"line":63,"column":43},"end":{"line":63,"colu
[...]
},"26":{"start":{"line":53,"column":4},"end":{"line":55,"column":5}},"27":{"start":{"line":54,"column":6},"end":{"line":54,"column":24}},"28":{"start":{"line":58,"column":2},"end":{"line":60,"column":3}},"29":{"start":{"line":59,"column":4},"end":{"line":59,"column":25}},"30":{"start":{"line":62,"column":2},"end":{"line":62,"column":40}}},"fnMap":{"0":{"name":"(anonymous_0)","decl":{"start":{"line":7,"column":30},"end":{"line":7,"column":31}},"loc":{"start":{"line":7,"column":72},"end":{"line":37,"column":1}},"line":7},"1":{"name":"(anonymous_1)","decl":{"start":{"line":42,"column":31},"end":{"line":42,"column":32}},"loc":{"start":{"line":42,"column":55},"end":{"line":63,"column":1}},"line":42}},"branchMap":{"0":{"loc":{"start":{"line":7,"column":43},"end":{"line":7,"column":59}},"type":"default-arg","locations":[{"start":{"line":7,"column":55},"end":{"line":7,"column":59}}],"line":7},"1":{"loc":{"start":{"line":10,"column":2},"end":{"line":30,"column":3}},"type":"if","locations":[{"start":{"line":10,"column":2},"end":{"line":30,"column":3}},{"start":{"line":24,"column":9},"end":{"line":30,"column":3}}],"line":10},"2":{"loc":{"start":{"line":12,"column":14},"end":{"line":12,"column":60}},"type":"binary-expr","locations":[{"start":{"line":12,"column":14},"end":{"line":12,"column":42}},{"start":{"line":12,"column":46},"end":{"line":12,"column":60}}],"line":12},"3":{"loc":{"start":{"line":15,"column":4},"end":{"line":23,"column":5}},"type":"if","locations":[{"start":{"line":15,"column":4},"end":{"line":23,"column":5}},{"start":{},"end":{}}],"line":15},"4":{"loc":{"start":{"line":18,"column":6},"end":{"line":22,"column":7}},"type":"if","locations":[{"start":{"line":18,"column":6},"end":{"line":22,"column":7}},{"start":{"line":20,"column":13},"end":{"line":22,"column":7}}],"line":18},"5":{"loc":{"start":{"line":20,"column":13},"end":{"line":22,"column":7}},"type":"if","locations":[{"start":{"line":20,"column":13},"end":{"line":22,"column":7}},{"start":{},"end":{}}],"line":20},"6":{"loc":{"start":{"line":24,"column":9},"end":{"line":30,"column":3}},"type":"if","locations":[{"start":{"line":24,"column":9},"end":{"line":30,"column":3}},{"start":{"line":27,"column":9},"end":{"line":30,"column":3}}],"line":24},"7":{"loc":{"start":{"line":27,"column":9},"end":{"line":30,"column":3}},"type":"if","locations":[{"start":{"line":27,"column":9},"end":{"line":30,"column":3}},{"start":{},"end":{}}],"line":27},"8":{"loc":{"start":{"line":29,"column":14},"end":{"line":29,"column":61}},"type":"binary-expr","locations":[{"start":{"line":29,"column":14},"end":{"line":29,"column":27}},{"start":{"line":29,"column":31},"end":{"line":29,"column":61}}],"line":29},"9":{"loc":{"start":{"line":32,"column":2},"end":{"line":34,"column":3}},"type":"if","locations":[{"start":{"line":32,"column":2},"end":{"line":34,"column":3}},{"start":{},"end":{}}],"line":32},"10":{"loc":{"start":{"line":43,"column":2},"end":{"line":45,"column":3}},"type":"if","locations":[{"start":{"line":43,"column":2},"end":{"line":45,"column":3}},{"start":{},"end":{}}],"line":43},"11":{"loc":{"start":{"line":47,"column":2},"end":{"line":56,"column":3}},"type":"if","locations":[{"start":{"line":47,"column":2},"end":{"line":56,"column":3}},{"start":{},"end":{}}],"line":47},"12":{"loc":{"start":{"line":50,"column":4},"end":{"line":52,"column":5}},"type":"if","locations":[{"start":{"line":50,"column":4},"end":{"line":52,"column":5}},{"start":{},"end":{}}],"line":50},"13":{"loc":{"start":{"line":53,"column":4},"end":{"line":55,"column":5}},"type":"if","locations":[{"start":{"line":53,"column":4},"end":{"line":55,"column":5}},{"start":{},"end":{}}],"line":53},"14":{"loc":{"start":{"line":58,"column":2},"end":{"line":60,"column":3}},"type":"if","locations":[{"start":{"line":58,"column":2},"end":{"line":60,"column":3}},{"start":{},"end":{}}],"line":58}},"s":{"0":0,"1":0,"2":0,"3":0,"4":0,"5":0,"6":0,"7":0,"8":0,"9":0,"10":0,"11":0,"12":0,"13":0,"14":0,"15":0,"16":0,"17":0,"18":0,"19":0,"20":0,"21":0,"22":0,"23":0,"24":0,"25":0,"26":0,"27":0,"28":0,"29":0,"30":0},"f":{"0":0,"1":0},"b":{"0":[0],"1":[0,0],"2":[0,0],"3":[0,0],"4":[0,0],"5":[0,0],"6":[0,0],"7":[0,0],"8":[0,0],"9":[0,0],"10":[0,0],"11":[0,0],"12":[0,0],"13":[0,0],"14":[0,0]}}
,"C:\\Users\\Administrator\\Desktop\\Sweetrip\\src\\utils\\imagePicker.ts": {"path":"C:\\Users\\Administrator\\Desktop\\Sweetrip\\src\\utils\\imagePicker.ts","statementMap":{"0":{"start":{"line":15,"column":2},"end":{"line":35,"column":3}},"1":{"start":{"line":17,"column":29},"end":{"line":17,"column":78}},"2":{"start":{"line":20,"column":35},"end":{"line":20,"column":90}},"3":{"start":{"line":22,"column":4},"end":{"line":29,"column":5}},"4":{"start":{"line":23,"column":6},"end":{"line":27,"column":8}},"5":{"start":{"line":28,"column":6},"end":{"line":28,"column":19}},"6":{"start":{"line":31,"column":4},"end":{"line":31,"column":16}},"7":{"start":{"line":33,"column":4},"end":{"line":33,"column":58}},"8":{"start":{"line":34,"column":4},"end":{"line":34,"column":17}},"9":{"start":{"line":42,"column":2},"end":{"line":86,"column":3}},"10":{"start":{"line":43,"column":26},"end":{"line":43,"column":57}},"11":{"start":{"line":44,"column":4},"end":{"line":46,"column":5}},"12":{"start":{"line":45,"column":6},"end":{"line":45,"column":18}},"13":{"start":{"line":48,"column":19},"end":{"line":53,"column":6}},"14":{"start":{"line":55,"column":4},"end":{"line":57,"column":5}},"15":{"start":{"line":56,"column":6},"end":{"line":56,"column":18}},"16":{"start":{"line":59,"column":18},"end":{"line":59,"column":34}},"17":{"start":{"line":62,"column":16},"end":{"line":62,"column":25}},"18":{"start":{"line":64,"column":22},"end":{"line":64,"column":32}},"19":{"start":{"line":65,"column":21},"end":{"line":65,"column":43}},"20":{"start":{"line":66,"column":17},"end":{"line":66,"column":29}},"21":{"start":{"line":70,"column":17},"end":{"line":74,"column":5}},"22":{"start":{"line":76,"column":4},"end":{"line":81,"column":6}},"23":{"start":{"line":83,"column":4},"end":{"line":83,"column":62}},"24":{"start":{"line":84,"column":4},"end":{"line":84,"column":62}},"25":{"start":{"line":85,"column":4},"end":{"line":85,"column":16}},"26":{"start":{"line":93,"column":2},"end":{"line":137,"column":3}},"27":{"start":{"line":94,"column":26},"end":{"line":94,"column":57}},"28":{"start":{"line":95,"column":4},"end":{"line":97,"column":5}},"29":{"start":{"line":96,"column":6},"end":{"line":96,"column":18}},"30":{"start":{"line":99,"column":19},"end":{"line":104,"column":6}},"31":{"start":{"line":106,"column":4},"end":{"line":108,"column":5}},"32":{"start":{"line":107,"column":6},"end":{"line":107,"column":18}},"33":{"start":{"line":110,"column":18},"end":{"line":110,"column":34}},"34":{"start":{"line":113,"column":16},"end":{"line":113,"column":25}},"35":{"start":{"line":115,"column":22},"end":{"line":115,"column":32}},"36":{"start":{"line":116,"column":21},"end":{"line":116,"column":43}},"37":{"start":{"line":117,"column":17},"end":{"line":117,"column":29}},"38":{"start":{"line":121,"column":17},"end":{"line":125,"column":5}},"39":{"start":{"line":127,"column":4},"end":{"line":132,"column":6}},"40":{"start":{"line":134,"column":4},"end":{"line":134,"column":48}},"41":{"start":{"line":135,"column":4},"end":{"line":135,"column":49}},"42":{"start":{"line":136,"column":4},"end":{"line":136,"column":16}},"43":{"start":{"line":144,"column":2},"end":{"line":171,"column":5}},"44":{"start":{"line":145,"column":4},"end":{"line":170,"column":6}},"45":{"start":{"line":152,"column":27},"end":{"line":152,"column":44}},"46":{"start":{"line":153,"column":12},"end":{"line":153,"column":28}},"47":{"start":{"line":159,"column":27},"end":{"line":159,"column":55}},"48":{"start":{"line":160,"column":12},"end":{"line":160,"column":28}},"49":{"start":{"line":166,"column":25},"end":{"line":166,"column":38}},"50":{"start":{"line":169,"column":43},"end":{"line":169,"column":56}}},"fnMap":{"0":{"name":"requestImagePermissions","decl":{"start":{"line":14,"column":22},"end":{"line":14,"column":45}},"loc":{"start":{"line":14,"column":66},"end":{"line":36,"column":1}},"line":14},"1":{"name":"pickImageFromLibrary","decl":{"start":{"line":41,"column":22},"end":{"line":41,"column":42}},"loc":{"start":{"line":41,"column":80},"end":{"line":87,"column":1}},"line":41},"2":{"name":"takePhoto","decl":{"start":{"line":92,"column":22},"end":{"line":92,"column":31}},"loc":{"start":{"line":92,"column":69},"end":{"line":138,"column":1}},"line":92},"3":{"name":"pickCMRImage","decl":{"start":{"line":143,"column":22},"end":{"line":143,"column":34}},"loc":{"start":{"line":143,"column":72},"end":{"line":172,"column":1}},"line":143},"4":{"name":"(anonymous_4)","decl":{"start":{"line":144,"column":21},"end":{"line":144,"column":22}},"loc":{"start":{"line":144,"column":34},"end":{"line":171,"column":3}},"line":144},"5":{"name":"(anonymous_5)","decl":{"start":{"line":151,"column":19},"end":{"line":151,"column":20}},"loc":{"start":{"line":151,"column":31},"end":{"line":154,"column":11}},"line":151},"6":{"name":"(anonymous_6)","decl":{"start":{"line":158,"column":19},"end":{"line":158,"column":20}},"loc":{"start":{"line":158,"column":31},"end":{"line":161,"column":11}},"line":158},"7":{"name":"(anonymous_7)","decl":{"start":{"line":166,"column":19},"end":{"line":166,"column":20}},"loc":{"start":{"line":166,"column":25},"end":{"line":166,"column":38}},"line":166},"8":{"name":"(anonymous_8)","decl":{"start":{"line":169,"column":37},"end":{"line":169,"column":38}},"loc":{"start":{"line":169,"column":43},"end":{"line":169,"column":56}},"line":169}},"branchMap":{"0":{"loc":{"start":{"line":22,"column":4},"end":{"line":29,"column":5}},"type":"if","locations":[{"start":{"line":22,"column":4},"end":{"line":29,"column":5}},{"start":{},"end":{}}],"line":22},"1":{"loc":{"start":{"line":22,"column":8},"end":{"line":22,"column":68}},"type":"binary-expr","locations":[{"start":{"line":22,"column":8},"end":{"line":22,"column":33}},{"start":{"line":22,"column":37},"end":{"line":22,"column":68}}],"line":22},"2":{"loc":{"start":{"line":44,"column":4},"end":{"line":46,"column":5}},"type":"if","locations":[{"start":{"line":44,"column":4},"end":{"line":46,"column":5}},{"start":{},"end":{}}],"line":44},"3":{"loc":{"start":{"line":55,"column":4},"end":{"line":57,"column":5}},"type":"if","locations":[{"start":{"line":55,"column":4},"end":{"line":57,"column":5}},{"start":{},"end":{}}],"line":55},"4":{"loc":{"start":{"line":95,"column":4},"end":{"line":97,"column":5}},"type":"if","locations":[{"start":{"line":95,"column":4},"end":{"line":97,"column":5}},{"start":{},"end":{}}],"line":95},"5":{"loc":{"start":{"line":106,"column":4},"end":{"line":108,"column":5}},"type":"if","locations":[{"start":{"line":106,"column":4},"end":{"line":108,"column":5}},{"start":{},"end":{}}],"line":106}},"s":{"0":0,"1":0,"2":0,"3":0,"4":0,"5":0,"6":0,"7":0,"8":0,"9":0,"10":0,"11":0,"12":0,"13":0,"14":0,"15":0,"16":0,"17":0,"18":0,"19":0,"20":0,"21":0,"22":0,"23":0,"24":0,"25":0,"26":0,"27":0,"28":0,"29":0,"30":0,"31":0,"32":0,"33":0,"34":0,"35":0,"36":0,"37":0,"38":0,"39":0,"40":0,"41":0,"42":0,"43":0,"44":0,"45":0,"46":0,"47":0,"48":0,"49":0,"50":0},"f":{"0":0,"1":0,"2":0,"3":0,"4":0,"5":0,"6":0,"7":0,"8":0},"b":{"0":[0,0],"1":[0,0],"2":[0,0],"3":[0,0],"4":[0,0],"5":[0,0]}}
,"C:\\Users\\Administrator\\Desktop\\Sweetrip\\src\\utils\\performance.ts": {"path":"C:\\Users\\Administrator\\Desktop\\Sweetrip\\src\\utils\\performance.ts","statementMap":{"0":{"start":{"line":7,"column":16},"end":{"line":7,"column":57}},"1":{"start":{"line":16,"column":16},"end":{"line":16,"column":47}},"2":{"start":{"line":17,"column":2},"end":{"line":17,"column":25}},"3":{"start":{"line":22,"column":2},"end":{"line":22,"column":25}},"4":{"start":{"line":22,"column":16},"end":{"line":22,"column":25}},"5":{"start":{"line":23,"column":19},"end":{"line":23,"column":46}},"6":{"start":{"line":24,"column":2},"end":{"line":26,"column":3}},"7":{"start":{"line":25,"column":4},"end":{"line":25,"column":67}},"8":{"start":{"line":27,"column":2},"end":{"line":27,"column":18}},"9":{"start":{"line":36,"column":12},"end":{"line":36,"column":22}},"10":{"start":{"line":37,"column":2},"end":{"line":41,"column":3}},"11":{"start":{"line":38,"column":4},"end":{"line":38,"column":22}},"12":{"start":{"line":40,"column":4},"end":{"line":40,"column":28}},"13":{"start":{"line":46,"column":19},"end":{"line":46,"column":28}},"14":{"start":{"line":47,"column":2},"end":{"line":47,"column":24}},"15":{"start":{"line":48,"column":2},"end":{"line":50,"column":3}},"16":{"start":{"line":49,"column":4},"end":{"line":49,"column":71}}},"fnMap":{"0":{"name":"mark","decl":{"start":{"line":15,"column":16},"end":{"line":15,"column":20}},"loc":{"start":{"line":15,"column":45},"end":{"line":18,"column":1}},"line":15},"1":{"name":"measure","decl":{"start":{"line":21,"column":16},"end":{"line":21,"column":23}},"loc":{"start":{"line":21,"column":63},"end":{"line":28,"column":1}},"line":21},"2":{"name":"measureAsync","decl":{"start":{"line":31,"column":22},"end":{"line":31,"column":34}},"loc":{"start":{"line":35,"column":14},"end":{"line":42,"column":1}},"line":35},"3":{"name":"useRenderCount","decl":{"start":{"line":45,"column":16},"end":{"line":45,"column":30}},"loc":{"start":{"line":45,"column":60},"end":{"line":51,"column":1}},"line":45}},"branchMap":{"0":{"loc":{"start":{"line":7,"column":16},"end":{"line":7,"column":57}},"type":"binary-expr","locations":[{"start":{"line":7,"column":16},"end":{"line":7,"column":46}},{"start":{"line":7,"column":50},"end":{"line":7,"column":57}}],"line":7},"1":{"loc":{"start":{"line":16,"column":16},"end":{"line":16,"column":47}},"type":"cond-expr","locations":[{"start":{"line":16,"column":26},"end":{"line":16,"column":43}},{"start":{"line":16,"column":46},"end":{"line":16,"column":47}}],"line":16},"2":{"loc":{"start":{"line":21,"column":37},"end":{"line":21,"column":53}},"type":"default-arg","locations":[{"start":{"line":21,"column":51},"end":{"line":21,"column":53}}],"line":21},"3":{"loc":{"start":{"line":22,"column":2},"end":{"line":22,"column":25}},"type":"if","locations":[{"start":{"line":22,"column":2},"end":{"line":22,"column":25}},{"start":{},"end":{}}],"line":22},"4":{"loc":{"start":{"line":24,"column":2},"end":{"line":26,"column":3}},"type":"if","locations":[{"start":{"line":24,"column":2},"end":{"line":26,"column":3}},{"start":{},"end":{}}],"line":24},"5":{"loc":{"start":{"line":34,"column":2},"end":{"line":34,"column":19}},"type":"default-arg","locations":[{"start":{"line":34,"column":16},"end":{"line":34,"column":19}}],"line":34},"6":{"loc":{"start":{"line":48,"column":2},"end":{"line":50,"column":3}},"type":"if","locations":[{"start":{"line":48,"column":2},"end":{"line":50,"column":3}},{"start":{},"end":{}}],"line":48},"7":{"loc":{"start":{"line":48,"column":6},"end":{"line":48,"column":38}},"type":"binary-expr","locations":[{"start":{"line":48,"column":6},"end":{"line":48,"column":13}},{"start":{"line":48,"column":17},"end":{"line":48,"column":38}}],"line":48}},"s":{"0":0,"1":0,"2":0,"3":0,"4":0,"5":0,"6":0,"7":0,"8":0,"9":0,"10":0,"11":0,"12":0,"13":0,"14":0,"15":0,"16":0},"f":{"0":0,"1":0,"2":0,"3":0},"b":{"0":[0,0],"1":[0,0],"2":[0],"3":[0,0],"4":[0,0],"5":[0],"6":[0,0],"7":[0,0]}}
,"C:\\Users\\Administrator\\Desktop\\Sweetrip\\src\\utils\\platformStyles.ts": {"path":"C:\\Users\\Administrator\\Desktop\\Sweetrip\\src\\utils\\platformStyles.ts","statementMap":{"0":{"start":{"line":11,"column":2},"end":{"line":13,"column":3}},"1":{"start":{"line":12,"column":4},"end":{"line":12,"column":43}},"2":{"start":{"line":14,"column":2},"end":{"line":20,"column":4}},"3":{"start":{"line":25,"column":2},"end":{"line":27,"column":3}},"4":{"start":{"line":26,"column":4},"end":{"line":26,"column":28}},"5":{"start":{"line":28,"column":2},"end":{"line":34,"column":4}},"6":{"start":{"line":39,"column":22},"end":{"line":39,"column":73}},"7":{"start":{"line":40,"column":2},"end":{"line":43,"column":4}},"8":{"start":{"line":48,"column":2},"end":{"line":50,"column":3}},"9":{"start":{"line":49,"column":4},"end":{"line":49,"column":28}},"10":{"start":{"line":51,"column":2},"end":{"line":57,"column":4}}},"fnMap":{"0":{"name":"cardShadow","decl":{"start":{"line":10,"column":16},"end":{"line":10,"column":26}},"loc":{"start":{"line":10,"column":147},"end":{"line":21,"column":1}},"line":10},"1":{"name":"modalShadow","decl":{"start":{"line":24,"column":16},"end":{"line":24,"column":27}},"loc":{"start":{"line":24,"column":128},"end":{"line":35,"column":1}},"line":24},"2":{"name":"tabBarExtraStyle","decl":{"start":{"line":38,"column":16},"end":{"line":38,"column":32}},"loc":{"start":{"line":38,"column":112},"end":{"line":44,"column":1}},"line":38},"3":{"name":"headerShadow","decl":{"start":{"line":47,"column":16},"end":{"line":47,"column":28}},"loc":{"start":{"line":47,"column":129},"end":{"line":58,"column":1}},"line":47}},"branchMap":{"0":{"loc":{"start":{"line":10,"column":27},"end":{"line":10,"column":47}},"type":"default-arg","locations":[{"start":{"line":10,"column":46},"end":{"line":10,"column":47}}],"line":10},"1":{"loc":{"start":{"line":11,"column":2},"end":{"line":13,"column":3}},"type":"if","locations":[{"start":{"line":11,"column":2},"end":{"line":13,"column":3}},{"start":{},"end":{}}],"line":11},"2":{"loc":{"start":{"line":25,"column":2},"end":{"line":27,"column":3}},"type":"if","locations":[{"start":{"line":25,"column":2},"end":{"line":27,"column":3}},{"start":{},"end":{}}],"line":25},"3":{"loc":{"start":{"line":48,"column":2},"end":{"line":50,"column":3}},"type":"if","locations":[{"start":{"line":48,"column":2},"end":{"line":50,"column":3}},{"start":{},"end":{}}],"line":48}},"s":{"0":0,"1":0,"2":0,"3":0,"4":0,"5":0,"6":0,"7":0,"8":0,"9":0,"10":0},"f":{"0":0,"1":0,"2":0,"3":0},"b":{"0":[0],"1":[0,0],"2":[0,0],"3":[0,0]}}
,"C:\\Users\\Administrator\\Desktop\\Sweetrip\\src\\utils\\testConnection.ts": {"path":"C:\\Users\\Administrator\\Desktop\\Sweetrip\\src\\utils\\testConnection.ts","statementMap":{"0":{"start":{"line":7,"column":30},"end":{"line":30,"column":1}},"1":{"start":{"line":8,"column":2},"end":{"line":29,"column":3}},"2":{"start":{"line":10,"column":21},"end":{"line":13,"column":6}},"3":{"start":{"line":11,"column":34},"end":{"line":11,"column":46}},"4":{"start":{"line":15,"column":4},"end":{"line":15,"column":16}},"5":{"start":{"line":17,"column":4},"end":{"line":26,"column":5}},"6":{"start":{"line":18,"column":6},"end":{"line":18,"column":53}},"7":{"start":{"line":19,"column":6},"end":{"line":19,"column":40}},"8":{"start":{"line":20,"column":6},"end":{"line":20,"column":56}},"9":{"start":{"line":21,"column":6},"end":{"line":21,"column":104}},"10":{"start":{"line":22,"column":6},"end":{"line":22,"column":62}},"11":{"start":{"line":23,"column":6},"end":{"line":23,"column":51}},"12":{"start":{"line":24,"column":6},"end":{"line":24,"column":68}},"13":{"start":{"line":25,"column":6},"end":{"line":25,"column":19}},"14":{"start":{"line":28,"column":4},"end":{"line":28,"column":16}}},"fnMap":{"0":{"name":"(anonymous_0)","decl":{"start":{"line":7,"column":30},"end":{"line":7,"column":31}},"loc":{"start":{"line":7,"column":60},"end":{"line":30,"column":1}},"line":7},"1":{"name":"(anonymous_1)","decl":{"start":{"line":11,"column":22},"end":{"line":11,"column":23}},"loc":{"start":{"line":11,"column":34},"end":{"line":11,"column":46}},"line":11}},"branchMap":{"0":{"loc":{"start":{"line":17,"column":4},"end":{"line":26,"column":5}},"type":"if","locations":[{"start":{"line":17,"column":4},"end":{"line":26,"column":5}},{"start":{},"end":{}}],"line":17},"1":{"loc":{"start":{"line":17,"column":8},"end":{"line":17,"column":73}},"type":"binary-expr","locations":[{"start":{"line":17,"column":8},"end":{"line":17,"column":36}},{"start":{"line":17,"column":40},"end":{"line":17,"column":73}}],"line":17}},"s":{"0":0,"1":0,"2":0,"3":0,"4":0,"5":0,"6":0,"7":0,"8":0,"9":0,"10":0,"11":0,"12":0,"13":0,"14":0},"f":{"0":0,"1":0},"b":{"0":[0,0],"1":[0,0]}}
}
